2026-04-14 20:01:15,544 - httpx - INFO - HTTP Request: GET https://api.gradio.app/gradio-messaging/en "HTTP/1.1 200 OK"
2026-04-14 20:01:15,637 - bizon_config - INFO - ⚡ Initialisation du contexte Hardware Bizon...
2026-04-14 20:01:15,637 - hardware_detector - INFO - Starting local hardware detection...
2026-04-14 20:01:15,665 - BizonMain - INFO - Démarrage de l'interface de contrôle...
2026-04-14 20:01:55,594 - httpx - INFO - HTTP Request: GET https://api.gradio.app/gradio-messaging/en "HTTP/1.1 200 OK"
2026-04-14 20:01:55,688 - bizon_config - INFO - ⚡ Initialisation du contexte Hardware Bizon...
2026-04-14 20:01:55,688 - hardware_detector - INFO - Starting local hardware detection...
2026-04-14 20:01:55,703 - BizonMain - INFO - Démarrage de l'interface de contrôle...
2026-04-14 20:04:58,205 - BizonMain - ERROR - Erreur au démarrage : No module named 'pyaudioop'
2026-04-14 20:04:59,265 - httpx - INFO - HTTP Request: GET https://api.gradio.app/gradio-messaging/en "HTTP/1.1 200 OK"
2026-04-14 20:05:25,566 - BizonMain - ERROR - Erreur au démarrage : No module named 'pyaudioop'
2026-04-14 20:05:26,493 - httpx - INFO - HTTP Request: GET https://api.gradio.app/gradio-messaging/en "HTTP/1.1 200 OK"
2026-04-14 20:06:37,642 - BizonMain - ERROR - Erreur au démarrage
Traceback (most recent call last):
  File "/Users/joshua/Desktop/bizon/venv/lib/python3.14/site-packages/pydub/utils.py", line 14, in <module>
    import audioop
ModuleNotFoundError: No module named 'audioop'

During handling of the above exception, another exception occurred:

Traceback (most recent call last):
  File "/Users/joshua/Desktop/bizon/main.py", line 27, in main
    from src.ui.launcher_ui import LauncherUI
  File "/Users/joshua/Desktop/bizon/src/ui/__init__.py", line 1, in <module>
    from .dashboard import launch_dashboard
  File "/Users/joshua/Desktop/bizon/src/ui/dashboard.py", line 1, in <module>
    import gradio as gr
  File "/Users/joshua/Desktop/bizon/venv/lib/python3.14/site-packages/gradio/__init__.py", line 3, in <module>
    import gradio._simple_templates
  File "/Users/joshua/Desktop/bizon/venv/lib/python3.14/site-packages/gradio/_simple_templates/__init__.py", line 1, in <module>
    from .simpledropdown import SimpleDropdown
  File "/Users/joshua/Desktop/bizon/venv/lib/python3.14/site-packages/gradio/_simple_templates/simpledropdown.py", line 6, in <module>
    from gradio.components.base import Component, FormComponent
  File "/Users/joshua/Desktop/bizon/venv/lib/python3.14/site-packages/gradio/components/__init__.py", line 1, in <module>
    from gradio.components.annotated_image import AnnotatedImage
  File "/Users/joshua/Desktop/bizon/venv/lib/python3.14/site-packages/gradio/components/annotated_image.py", line 13, in <module>
    from gradio import processing_utils, utils
  File "/Users/joshua/Desktop/bizon/venv/lib/python3.14/site-packages/gradio/processing_utils.py", line 29, in <module>
    from pydub import AudioSegment
  File "/Users/joshua/Desktop/bizon/venv/lib/python3.14/site-packages/pydub/__init__.py", line 1, in <module>
    from .audio_segment import AudioSegment
  File "/Users/joshua/Desktop/bizon/venv/lib/python3.14/site-packages/pydub/audio_segment.py", line 11, in <module>
    from .utils import mediainfo_json, fsdecode
  File "/Users/joshua/Desktop/bizon/venv/lib/python3.14/site-packages/pydub/utils.py", line 16, in <module>
    import pyaudioop as audioop
ModuleNotFoundError: No module named 'pyaudioop'
2026-04-14 20:06:38,543 - httpx - INFO - HTTP Request: GET https://api.gradio.app/gradio-messaging/en "HTTP/1.1 200 OK"
2026-04-14 20:07:13,239 - httpx - INFO - HTTP Request: GET https://api.gradio.app/gradio-messaging/en "HTTP/1.1 200 OK"
2026-04-14 20:07:24,618 - bizon_config - INFO - ⚡ Initialisation du contexte Hardware Bizon...
2026-04-14 20:07:24,618 - hardware_detector - INFO - Starting local hardware detection...
2026-04-14 20:07:24,685 - BizonMain - INFO - Démarrage de l'interface de contrôle...
2026-04-14 20:07:25,010 - hardware_detector - INFO - Starting local hardware detection...
2026-04-14 20:07:57,255 - httpx - INFO - HTTP Request: GET https://api.gradio.app/gradio-messaging/en "HTTP/1.1 200 OK"
2026-04-14 20:07:57,565 - bizon_config - INFO - ⚡ Initialisation du contexte Hardware Bizon...
2026-04-14 20:07:57,566 - hardware_detector - INFO - Starting local hardware detection...
2026-04-14 20:07:57,593 - BizonMain - INFO - Démarrage de l'interface de contrôle...
2026-04-14 20:07:57,900 - hardware_detector - INFO - Starting local hardware detection...
2026-04-14 20:08:03,909 - BizonMain - INFO - Signal de lancement du terminal reçu.
2026-04-14 20:08:03,920 - BizonMain - INFO - Démarrage du Terminal de Trading (Webview)...
2026-04-14 20:08:04,481 - httpx - INFO - HTTP Request: GET https://checkip.amazonaws.com/ "HTTP/1.1 200 "
2026-04-14 20:08:04,755 - BizonMain - ERROR - Erreur au démarrage
Traceback (most recent call last):
  File "/Library/Frameworks/Python.framework/Versions/3.14/lib/python3.14/tkinter/__init__.py", line 2082, in __call__
    return self.func(*args)
           ~~~~~~~~~^^^^^^^
  File "/Users/joshua/Desktop/bizon/src/ui/launcher_ui.py", line 36, in <lambda>
    self.canvas.bind("<Button-1>", lambda e: self.command() if self.command else None)
                                             ~~~~~~~~~~~~^^
  File "/Users/joshua/Desktop/bizon/main.py", line 46, in on_launch
    launch_terminal_process()
    ~~~~~~~~~~~~~~~~~~~~~~~^^
  File "/Users/joshua/Desktop/bizon/main.py", line 33, in launch_terminal_process
    launch_dashboard(standalone=True)
    ~~~~~~~~~~~~~~~~^^^^^^^^^^^^^^^^^
  File "/Users/joshua/Desktop/bizon/src/ui/dashboard.py", line 154, in launch_dashboard
    _, local_url, _ = demo.launch(
                      ~~~~~~~~~~~^
        share=share,
        ^^^^^^^^^^^^
    ...<2 lines>...
        prevent_thread_lock=True
        ^^^^^^^^^^^^^^^^^^^^^^^^
    )
    ^
  File "/Users/joshua/Desktop/bizon/venv/lib/python3.14/site-packages/gradio/blocks.py", line 2397, in launch
    print(
    ~~~~~^
        strings.en["RUNNING_LOCALLY_SEPARATED"].format(
        ^^^^^^^^^^^^^^^^^^^^^^^^^^^^^^^^^^^^^^^^^^^^^^^
            self.protocol, self.server_name, self.server_port
            ^^^^^^^^^^^^^^^^^^^^^^^^^^^^^^^^^^^^^^^^^^^^^^^^^
        )
        ^
    )
    ^
OSError: [Errno 5] Input/output error

During handling of the above exception, another exception occurred:

Traceback (most recent call last):
  File "/Users/joshua/Desktop/bizon/main.py", line 50, in main
    ui.run()
    ~~~~~~^^
  File "/Users/joshua/Desktop/bizon/src/ui/launcher_ui.py", line 107, in run
    self.root.mainloop()
    ~~~~~~~~~~~~~~~~~~^^
  File "/Library/Frameworks/Python.framework/Versions/3.14/lib/python3.14/tkinter/__init__.py", line 1613, in mainloop
    self.tk.mainloop(n)
    ~~~~~~~~~~~~~~~~^^^
  File "/Library/Frameworks/Python.framework/Versions/3.14/lib/python3.14/tkinter/__init__.py", line 2086, in __call__
    self.widget._report_exception()
    ~~~~~~~~~~~~~~~~~~~~~~~~~~~~~^^
  File "/Library/Frameworks/Python.framework/Versions/3.14/lib/python3.14/tkinter/__init__.py", line 1802, in _report_exception
    root.report_callback_exception(exc, val, tb)
    ~~~~~~~~~~~~~~~~~~~~~~~~~~~~~~^^^^^^^^^^^^^^
  File "/Library/Frameworks/Python.framework/Versions/3.14/lib/python3.14/tkinter/__init__.py", line 2551, in report_callback_exception
    print("Exception in Tkinter callback", file=sys.stderr)
    ~~~~~^^^^^^^^^^^^^^^^^^^^^^^^^^^^^^^^^^^^^^^^^^^^^^^^^^
OSError: [Errno 5] Input/output error
2026-04-14 20:08:04,823 - httpx - INFO - HTTP Request: GET https://api.gradio.app/pkg-version "HTTP/1.1 200 OK"
2026-04-14 20:08:55,430 - httpx - INFO - HTTP Request: GET https://api.gradio.app/gradio-messaging/en "HTTP/1.1 200 OK"
2026-04-14 20:08:55,735 - bizon_config - INFO - ⚡ Initialisation du contexte Hardware Bizon...
2026-04-14 20:08:55,735 - hardware_detector - INFO - Starting local hardware detection...
2026-04-14 20:08:55,763 - BizonMain - INFO - Démarrage de l'interface de contrôle...
2026-04-14 20:08:56,064 - hardware_detector - INFO - Starting local hardware detection...
2026-04-14 20:08:59,259 - BizonMain - INFO - Signal de lancement du terminal reçu.
2026-04-14 20:08:59,269 - BizonMain - INFO - Démarrage du Terminal de Trading (Webview)...
2026-04-14 20:08:59,396 - httpx - INFO - HTTP Request: GET https://checkip.amazonaws.com/ "HTTP/1.1 200 "
2026-04-14 20:08:59,491 - BizonMain - ERROR - Erreur au démarrage
Traceback (most recent call last):
  File "/Library/Frameworks/Python.framework/Versions/3.14/lib/python3.14/tkinter/__init__.py", line 2082, in __call__
    return self.func(*args)
           ~~~~~~~~~^^^^^^^
  File "/Users/joshua/Desktop/bizon/src/ui/launcher_ui.py", line 36, in <lambda>
    self.canvas.bind("<Button-1>", lambda e: self.command() if self.command else None)
                                             ~~~~~~~~~~~~^^
  File "/Users/joshua/Desktop/bizon/main.py", line 46, in on_launch
    launch_terminal_process()
    ~~~~~~~~~~~~~~~~~~~~~~~^^
  File "/Users/joshua/Desktop/bizon/main.py", line 33, in launch_terminal_process
    launch_dashboard(standalone=True)
    ~~~~~~~~~~~~~~~~^^^^^^^^^^^^^^^^^
  File "/Users/joshua/Desktop/bizon/src/ui/dashboard.py", line 154, in launch_dashboard
    _, local_url, _ = demo.launch(
                      ~~~~~~~~~~~^
        share=share,
        ^^^^^^^^^^^^
    ...<2 lines>...
        prevent_thread_lock=True
        ^^^^^^^^^^^^^^^^^^^^^^^^
    )
    ^
  File "/Users/joshua/Desktop/bizon/venv/lib/python3.14/site-packages/gradio/blocks.py", line 2397, in launch
    print(
    ~~~~~^
        strings.en["RUNNING_LOCALLY_SEPARATED"].format(
        ^^^^^^^^^^^^^^^^^^^^^^^^^^^^^^^^^^^^^^^^^^^^^^^
            self.protocol, self.server_name, self.server_port
            ^^^^^^^^^^^^^^^^^^^^^^^^^^^^^^^^^^^^^^^^^^^^^^^^^
        )
        ^
    )
    ^
OSError: [Errno 5] Input/output error

During handling of the above exception, another exception occurred:

Traceback (most recent call last):
  File "/Users/joshua/Desktop/bizon/main.py", line 50, in main
    ui.run()
    ~~~~~~^^
  File "/Users/joshua/Desktop/bizon/src/ui/launcher_ui.py", line 108, in run
    self.root.mainloop()
    ~~~~~~~~~~~~~~~~~~^^
  File "/Library/Frameworks/Python.framework/Versions/3.14/lib/python3.14/tkinter/__init__.py", line 1613, in mainloop
    self.tk.mainloop(n)
    ~~~~~~~~~~~~~~~~^^^
  File "/Library/Frameworks/Python.framework/Versions/3.14/lib/python3.14/tkinter/__init__.py", line 2086, in __call__
    self.widget._report_exception()
    ~~~~~~~~~~~~~~~~~~~~~~~~~~~~~^^
  File "/Library/Frameworks/Python.framework/Versions/3.14/lib/python3.14/tkinter/__init__.py", line 1802, in _report_exception
    root.report_callback_exception(exc, val, tb)
    ~~~~~~~~~~~~~~~~~~~~~~~~~~~~~~^^^^^^^^^^^^^^
  File "/Library/Frameworks/Python.framework/Versions/3.14/lib/python3.14/tkinter/__init__.py", line 2551, in report_callback_exception
    print("Exception in Tkinter callback", file=sys.stderr)
    ~~~~~^^^^^^^^^^^^^^^^^^^^^^^^^^^^^^^^^^^^^^^^^^^^^^^^^^
OSError: [Errno 5] Input/output error
2026-04-14 20:08:59,989 - httpx - INFO - HTTP Request: GET https://api.gradio.app/pkg-version "HTTP/1.1 200 OK"
2026-04-14 20:09:29,651 - httpx - INFO - HTTP Request: GET https://api.gradio.app/gradio-messaging/en "HTTP/1.1 200 OK"
2026-04-14 20:09:29,947 - bizon_config - INFO - ⚡ Initialisation du contexte Hardware Bizon...
2026-04-14 20:09:29,947 - hardware_detector - INFO - Starting local hardware detection...
2026-04-14 20:09:29,974 - BizonMain - INFO - Démarrage de l'interface de contrôle...
2026-04-14 20:09:30,271 - hardware_detector - INFO - Starting local hardware detection...
2026-04-14 20:09:31,575 - BizonMain - INFO - Signal de lancement du terminal reçu.
2026-04-14 20:09:31,584 - BizonMain - INFO - Démarrage du Terminal de Trading (Webview)...
2026-04-14 20:09:31,704 - httpx - INFO - HTTP Request: GET https://checkip.amazonaws.com/ "HTTP/1.1 200 "
Running on local URL:  http://127.0.0.1:7863
2026-04-14 20:09:31,824 - httpx - INFO - HTTP Request: GET http://127.0.0.1:7863/startup-events "HTTP/1.1 200 OK"
2026-04-14 20:09:31,828 - httpx - INFO - HTTP Request: HEAD http://127.0.0.1:7863/ "HTTP/1.1 500 Internal Server Error"
ERROR:    Exception in ASGI application
Traceback (most recent call last):
  File "/Users/joshua/Desktop/bizon/venv/lib/python3.14/site-packages/uvicorn/protocols/http/h11_impl.py", line 415, in run_asgi
    result = await app(  # type: ignore[func-returns-value]
             ^^^^^^^^^^^^^^^^^^^^^^^^^^^^^^^^^^^^^^^^^^^^^^
        self.scope, self.receive, self.send
        ^^^^^^^^^^^^^^^^^^^^^^^^^^^^^^^^^^^
    )
    ^
  File "/Users/joshua/Desktop/bizon/venv/lib/python3.14/site-packages/uvicorn/middleware/proxy_headers.py", line 60, in __call__
    return await self.app(scope, receive, send)
           ^^^^^^^^^^^^^^^^^^^^^^^^^^^^^^^^^^^^
  File "/Users/joshua/Desktop/bizon/venv/lib/python3.14/site-packages/fastapi/applications.py", line 1163, in __call__
    await super().__call__(scope, receive, send)
  File "/Users/joshua/Desktop/bizon/venv/lib/python3.14/site-packages/starlette/applications.py", line 90, in __call__
    await self.middleware_stack(scope, receive, send)
  File "/Users/joshua/Desktop/bizon/venv/lib/python3.14/site-packages/starlette/middleware/errors.py", line 186, in __call__
    raise exc
  File "/Users/joshua/Desktop/bizon/venv/lib/python3.14/site-packages/starlette/middleware/errors.py", line 164, in __call__
    await self.app(scope, receive, _send)
  File "/Users/joshua/Desktop/bizon/venv/lib/python3.14/site-packages/gradio/route_utils.py", line 761, in __call__
    await self.app(scope, receive, send)
  File "/Users/joshua/Desktop/bizon/venv/lib/python3.14/site-packages/starlette/middleware/exceptions.py", line 63, in __call__
    await wrap_app_handling_exceptions(self.app, conn)(scope, receive, send)
  File "/Users/joshua/Desktop/bizon/venv/lib/python3.14/site-packages/starlette/_exception_handler.py", line 53, in wrapped_app
    raise exc
  File "/Users/joshua/Desktop/bizon/venv/lib/python3.14/site-packages/starlette/_exception_handler.py", line 42, in wrapped_app
    await app(scope, receive, sender)
  File "/Users/joshua/Desktop/bizon/venv/lib/python3.14/site-packages/fastapi/middleware/asyncexitstack.py", line 18, in __call__
    await self.app(scope, receive, send)
  File "/Users/joshua/Desktop/bizon/venv/lib/python3.14/site-packages/starlette/routing.py", line 660, in __call__
    await self.middleware_stack(scope, receive, send)
  File "/Users/joshua/Desktop/bizon/venv/lib/python3.14/site-packages/starlette/routing.py", line 680, in app
    await route.handle(scope, receive, send)
  File "/Users/joshua/Desktop/bizon/venv/lib/python3.14/site-packages/starlette/routing.py", line 276, in handle
    await self.app(scope, receive, send)
  File "/Users/joshua/Desktop/bizon/venv/lib/python3.14/site-packages/fastapi/routing.py", line 134, in app
    await wrap_app_handling_exceptions(app, request)(scope, receive, send)
  File "/Users/joshua/Desktop/bizon/venv/lib/python3.14/site-packages/starlette/_exception_handler.py", line 53, in wrapped_app
    raise exc
  File "/Users/joshua/Desktop/bizon/venv/lib/python3.14/site-packages/starlette/_exception_handler.py", line 42, in wrapped_app
    await app(scope, receive, sender)
  File "/Users/joshua/Desktop/bizon/venv/lib/python3.14/site-packages/fastapi/routing.py", line 120, in app
    response = await f(request)
               ^^^^^^^^^^^^^^^^
  File "/Users/joshua/Desktop/bizon/venv/lib/python3.14/site-packages/fastapi/routing.py", line 674, in app
    raw_response = await run_endpoint_function(
                   ^^^^^^^^^^^^^^^^^^^^^^^^^^^^
    ...<3 lines>...
    )
    ^
  File "/Users/joshua/Desktop/bizon/venv/lib/python3.14/site-packages/fastapi/routing.py", line 330, in run_endpoint_function
    return await run_in_threadpool(dependant.call, **values)
           ^^^^^^^^^^^^^^^^^^^^^^^^^^^^^^^^^^^^^^^^^^^^^^^^^
  File "/Users/joshua/Desktop/bizon/venv/lib/python3.14/site-packages/starlette/concurrency.py", line 32, in run_in_threadpool
    return await anyio.to_thread.run_sync(func)
           ^^^^^^^^^^^^^^^^^^^^^^^^^^^^^^^^^^^^
  File "/Users/joshua/Desktop/bizon/venv/lib/python3.14/site-packages/anyio/to_thread.py", line 63, in run_sync
    return await get_async_backend().run_sync_in_worker_thread(
           ^^^^^^^^^^^^^^^^^^^^^^^^^^^^^^^^^^^^^^^^^^^^^^^^^^^^
        func, args, abandon_on_cancel=abandon_on_cancel, limiter=limiter
        ^^^^^^^^^^^^^^^^^^^^^^^^^^^^^^^^^^^^^^^^^^^^^^^^^^^^^^^^^^^^^^^^
    )
    ^
  File "/Users/joshua/Desktop/bizon/venv/lib/python3.14/site-packages/anyio/_backends/_asyncio.py", line 2518, in run_sync_in_worker_thread
    return await future
           ^^^^^^^^^^^^
  File "/Users/joshua/Desktop/bizon/venv/lib/python3.14/site-packages/anyio/_backends/_asyncio.py", line 1002, in run
    result = context.run(func, *args)
  File "/Users/joshua/Desktop/bizon/venv/lib/python3.14/site-packages/gradio/routes.py", line 432, in main
    return templates.TemplateResponse(
           ~~~~~~~~~~~~~~~~~~~~~~~~~~^
        template,
        ^^^^^^^^^
    ...<4 lines>...
        },
        ^^
    )
    ^
  File "/Users/joshua/Desktop/bizon/venv/lib/python3.14/site-packages/starlette/templating.py", line 148, in TemplateResponse
    template = self.get_template(name)
  File "/Users/joshua/Desktop/bizon/venv/lib/python3.14/site-packages/starlette/templating.py", line 115, in get_template
    return self.env.get_template(name)
           ~~~~~~~~~~~~~~~~~~~~~^^^^^^
  File "/Users/joshua/Desktop/bizon/venv/lib/python3.14/site-packages/jinja2/environment.py", line 1016, in get_template
    return self._load_template(name, globals)
           ~~~~~~~~~~~~~~~~~~~^^^^^^^^^^^^^^^
  File "/Users/joshua/Desktop/bizon/venv/lib/python3.14/site-packages/jinja2/environment.py", line 964, in _load_template
    template = self.cache.get(cache_key)
  File "/Users/joshua/Desktop/bizon/venv/lib/python3.14/site-packages/jinja2/utils.py", line 477, in get
    return self[key]
           ~~~~^^^^^
  File "/Users/joshua/Desktop/bizon/venv/lib/python3.14/site-packages/jinja2/utils.py", line 515, in __getitem__
    rv = self._mapping[key]
         ~~~~~~~~~~~~~^^^^^
TypeError: cannot use 'tuple' as a dict key (unhashable type: 'dict')
2026-04-14 20:09:32,309 - httpx - INFO - HTTP Request: GET https://api.gradio.app/pkg-version "HTTP/1.1 200 OK"
2026-04-14 20:09:32,336 - httpx - INFO - HTTP Request: HEAD http://127.0.0.1:7863/ "HTTP/1.1 500 Internal Server Error"
ERROR:    Exception in ASGI application
Traceback (most recent call last):
  File "/Users/joshua/Desktop/bizon/venv/lib/python3.14/site-packages/uvicorn/protocols/http/h11_impl.py", line 415, in run_asgi
    result = await app(  # type: ignore[func-returns-value]
             ^^^^^^^^^^^^^^^^^^^^^^^^^^^^^^^^^^^^^^^^^^^^^^
        self.scope, self.receive, self.send
        ^^^^^^^^^^^^^^^^^^^^^^^^^^^^^^^^^^^
    )
    ^
  File "/Users/joshua/Desktop/bizon/venv/lib/python3.14/site-packages/uvicorn/middleware/proxy_headers.py", line 60, in __call__
    return await self.app(scope, receive, send)
           ^^^^^^^^^^^^^^^^^^^^^^^^^^^^^^^^^^^^
  File "/Users/joshua/Desktop/bizon/venv/lib/python3.14/site-packages/fastapi/applications.py", line 1163, in __call__
    await super().__call__(scope, receive, send)
  File "/Users/joshua/Desktop/bizon/venv/lib/python3.14/site-packages/starlette/applications.py", line 90, in __call__
    await self.middleware_stack(scope, receive, send)
  File "/Users/joshua/Desktop/bizon/venv/lib/python3.14/site-packages/starlette/middleware/errors.py", line 186, in __call__
    raise exc
  File "/Users/joshua/Desktop/bizon/venv/lib/python3.14/site-packages/starlette/middleware/errors.py", line 164, in __call__
    await self.app(scope, receive, _send)
  File "/Users/joshua/Desktop/bizon/venv/lib/python3.14/site-packages/gradio/route_utils.py", line 761, in __call__
    await self.app(scope, receive, send)
  File "/Users/joshua/Desktop/bizon/venv/lib/python3.14/site-packages/starlette/middleware/exceptions.py", line 63, in __call__
    await wrap_app_handling_exceptions(self.app, conn)(scope, receive, send)
  File "/Users/joshua/Desktop/bizon/venv/lib/python3.14/site-packages/starlette/_exception_handler.py", line 53, in wrapped_app
    raise exc
  File "/Users/joshua/Desktop/bizon/venv/lib/python3.14/site-packages/starlette/_exception_handler.py", line 42, in wrapped_app
    await app(scope, receive, sender)
  File "/Users/joshua/Desktop/bizon/venv/lib/python3.14/site-packages/fastapi/middleware/asyncexitstack.py", line 18, in __call__
    await self.app(scope, receive, send)
  File "/Users/joshua/Desktop/bizon/venv/lib/python3.14/site-packages/starlette/routing.py", line 660, in __call__
    await self.middleware_stack(scope, receive, send)
  File "/Users/joshua/Desktop/bizon/venv/lib/python3.14/site-packages/starlette/routing.py", line 680, in app
    await route.handle(scope, receive, send)
  File "/Users/joshua/Desktop/bizon/venv/lib/python3.14/site-packages/starlette/routing.py", line 276, in handle
    await self.app(scope, receive, send)
  File "/Users/joshua/Desktop/bizon/venv/lib/python3.14/site-packages/fastapi/routing.py", line 134, in app
    await wrap_app_handling_exceptions(app, request)(scope, receive, send)
  File "/Users/joshua/Desktop/bizon/venv/lib/python3.14/site-packages/starlette/_exception_handler.py", line 53, in wrapped_app
    raise exc
  File "/Users/joshua/Desktop/bizon/venv/lib/python3.14/site-packages/starlette/_exception_handler.py", line 42, in wrapped_app
    await app(scope, receive, sender)
  File "/Users/joshua/Desktop/bizon/venv/lib/python3.14/site-packages/fastapi/routing.py", line 120, in app
    response = await f(request)
               ^^^^^^^^^^^^^^^^
  File "/Users/joshua/Desktop/bizon/venv/lib/python3.14/site-packages/fastapi/routing.py", line 674, in app
    raw_response = await run_endpoint_function(
                   ^^^^^^^^^^^^^^^^^^^^^^^^^^^^
    ...<3 lines>...
    )
    ^
  File "/Users/joshua/Desktop/bizon/venv/lib/python3.14/site-packages/fastapi/routing.py", line 330, in run_endpoint_function
    return await run_in_threadpool(dependant.call, **values)
           ^^^^^^^^^^^^^^^^^^^^^^^^^^^^^^^^^^^^^^^^^^^^^^^^^
  File "/Users/joshua/Desktop/bizon/venv/lib/python3.14/site-packages/starlette/concurrency.py", line 32, in run_in_threadpool
    return await anyio.to_thread.run_sync(func)
           ^^^^^^^^^^^^^^^^^^^^^^^^^^^^^^^^^^^^
  File "/Users/joshua/Desktop/bizon/venv/lib/python3.14/site-packages/anyio/to_thread.py", line 63, in run_sync
    return await get_async_backend().run_sync_in_worker_thread(
           ^^^^^^^^^^^^^^^^^^^^^^^^^^^^^^^^^^^^^^^^^^^^^^^^^^^^
        func, args, abandon_on_cancel=abandon_on_cancel, limiter=limiter
        ^^^^^^^^^^^^^^^^^^^^^^^^^^^^^^^^^^^^^^^^^^^^^^^^^^^^^^^^^^^^^^^^
    )
    ^
  File "/Users/joshua/Desktop/bizon/venv/lib/python3.14/site-packages/anyio/_backends/_asyncio.py", line 2518, in run_sync_in_worker_thread
    return await future
           ^^^^^^^^^^^^
  File "/Users/joshua/Desktop/bizon/venv/lib/python3.14/site-packages/anyio/_backends/_asyncio.py", line 1002, in run
    result = context.run(func, *args)
  File "/Users/joshua/Desktop/bizon/venv/lib/python3.14/site-packages/gradio/routes.py", line 432, in main
    return templates.TemplateResponse(
           ~~~~~~~~~~~~~~~~~~~~~~~~~~^
        template,
        ^^^^^^^^^
    ...<4 lines>...
        },
        ^^
    )
    ^
  File "/Users/joshua/Desktop/bizon/venv/lib/python3.14/site-packages/starlette/templating.py", line 148, in TemplateResponse
    template = self.get_template(name)
  File "/Users/joshua/Desktop/bizon/venv/lib/python3.14/site-packages/starlette/templating.py", line 115, in get_template
    return self.env.get_template(name)
           ~~~~~~~~~~~~~~~~~~~~~^^^^^^
  File "/Users/joshua/Desktop/bizon/venv/lib/python3.14/site-packages/jinja2/environment.py", line 1016, in get_template
    return self._load_template(name, globals)
           ~~~~~~~~~~~~~~~~~~~^^^^^^^^^^^^^^^
  File "/Users/joshua/Desktop/bizon/venv/lib/python3.14/site-packages/jinja2/environment.py", line 964, in _load_template
    template = self.cache.get(cache_key)
  File "/Users/joshua/Desktop/bizon/venv/lib/python3.14/site-packages/jinja2/utils.py", line 477, in get
    return self[key]
           ~~~~^^^^^
  File "/Users/joshua/Desktop/bizon/venv/lib/python3.14/site-packages/jinja2/utils.py", line 515, in __getitem__
    rv = self._mapping[key]
         ~~~~~~~~~~~~~^^^^^
TypeError: cannot use 'tuple' as a dict key (unhashable type: 'dict')
2026-04-14 20:09:32,844 - httpx - INFO - HTTP Request: HEAD http://127.0.0.1:7863/ "HTTP/1.1 500 Internal Server Error"
ERROR:    Exception in ASGI application
Traceback (most recent call last):
  File "/Users/joshua/Desktop/bizon/venv/lib/python3.14/site-packages/uvicorn/protocols/http/h11_impl.py", line 415, in run_asgi
    result = await app(  # type: ignore[func-returns-value]
             ^^^^^^^^^^^^^^^^^^^^^^^^^^^^^^^^^^^^^^^^^^^^^^
        self.scope, self.receive, self.send
        ^^^^^^^^^^^^^^^^^^^^^^^^^^^^^^^^^^^
    )
    ^
  File "/Users/joshua/Desktop/bizon/venv/lib/python3.14/site-packages/uvicorn/middleware/proxy_headers.py", line 60, in __call__
    return await self.app(scope, receive, send)
           ^^^^^^^^^^^^^^^^^^^^^^^^^^^^^^^^^^^^
  File "/Users/joshua/Desktop/bizon/venv/lib/python3.14/site-packages/fastapi/applications.py", line 1163, in __call__
    await super().__call__(scope, receive, send)
  File "/Users/joshua/Desktop/bizon/venv/lib/python3.14/site-packages/starlette/applications.py", line 90, in __call__
    await self.middleware_stack(scope, receive, send)
  File "/Users/joshua/Desktop/bizon/venv/lib/python3.14/site-packages/starlette/middleware/errors.py", line 186, in __call__
    raise exc
  File "/Users/joshua/Desktop/bizon/venv/lib/python3.14/site-packages/starlette/middleware/errors.py", line 164, in __call__
    await self.app(scope, receive, _send)
  File "/Users/joshua/Desktop/bizon/venv/lib/python3.14/site-packages/gradio/route_utils.py", line 761, in __call__
    await self.app(scope, receive, send)
  File "/Users/joshua/Desktop/bizon/venv/lib/python3.14/site-packages/starlette/middleware/exceptions.py", line 63, in __call__
    await wrap_app_handling_exceptions(self.app, conn)(scope, receive, send)
  File "/Users/joshua/Desktop/bizon/venv/lib/python3.14/site-packages/starlette/_exception_handler.py", line 53, in wrapped_app
    raise exc
  File "/Users/joshua/Desktop/bizon/venv/lib/python3.14/site-packages/starlette/_exception_handler.py", line 42, in wrapped_app
    await app(scope, receive, sender)
  File "/Users/joshua/Desktop/bizon/venv/lib/python3.14/site-packages/fastapi/middleware/asyncexitstack.py", line 18, in __call__
    await self.app(scope, receive, send)
  File "/Users/joshua/Desktop/bizon/venv/lib/python3.14/site-packages/starlette/routing.py", line 660, in __call__
    await self.middleware_stack(scope, receive, send)
  File "/Users/joshua/Desktop/bizon/venv/lib/python3.14/site-packages/starlette/routing.py", line 680, in app
    await route.handle(scope, receive, send)
  File "/Users/joshua/Desktop/bizon/venv/lib/python3.14/site-packages/starlette/routing.py", line 276, in handle
    await self.app(scope, receive, send)
  File "/Users/joshua/Desktop/bizon/venv/lib/python3.14/site-packages/fastapi/routing.py", line 134, in app
    await wrap_app_handling_exceptions(app, request)(scope, receive, send)
  File "/Users/joshua/Desktop/bizon/venv/lib/python3.14/site-packages/starlette/_exception_handler.py", line 53, in wrapped_app
    raise exc
  File "/Users/joshua/Desktop/bizon/venv/lib/python3.14/site-packages/starlette/_exception_handler.py", line 42, in wrapped_app
    await app(scope, receive, sender)
  File "/Users/joshua/Desktop/bizon/venv/lib/python3.14/site-packages/fastapi/routing.py", line 120, in app
    response = await f(request)
               ^^^^^^^^^^^^^^^^
  File "/Users/joshua/Desktop/bizon/venv/lib/python3.14/site-packages/fastapi/routing.py", line 674, in app
    raw_response = await run_endpoint_function(
                   ^^^^^^^^^^^^^^^^^^^^^^^^^^^^
    ...<3 lines>...
    )
    ^
  File "/Users/joshua/Desktop/bizon/venv/lib/python3.14/site-packages/fastapi/routing.py", line 330, in run_endpoint_function
    return await run_in_threadpool(dependant.call, **values)
           ^^^^^^^^^^^^^^^^^^^^^^^^^^^^^^^^^^^^^^^^^^^^^^^^^
  File "/Users/joshua/Desktop/bizon/venv/lib/python3.14/site-packages/starlette/concurrency.py", line 32, in run_in_threadpool
    return await anyio.to_thread.run_sync(func)
           ^^^^^^^^^^^^^^^^^^^^^^^^^^^^^^^^^^^^
  File "/Users/joshua/Desktop/bizon/venv/lib/python3.14/site-packages/anyio/to_thread.py", line 63, in run_sync
    return await get_async_backend().run_sync_in_worker_thread(
           ^^^^^^^^^^^^^^^^^^^^^^^^^^^^^^^^^^^^^^^^^^^^^^^^^^^^
        func, args, abandon_on_cancel=abandon_on_cancel, limiter=limiter
        ^^^^^^^^^^^^^^^^^^^^^^^^^^^^^^^^^^^^^^^^^^^^^^^^^^^^^^^^^^^^^^^^
    )
    ^
  File "/Users/joshua/Desktop/bizon/venv/lib/python3.14/site-packages/anyio/_backends/_asyncio.py", line 2518, in run_sync_in_worker_thread
    return await future
           ^^^^^^^^^^^^
  File "/Users/joshua/Desktop/bizon/venv/lib/python3.14/site-packages/anyio/_backends/_asyncio.py", line 1002, in run
    result = context.run(func, *args)
  File "/Users/joshua/Desktop/bizon/venv/lib/python3.14/site-packages/gradio/routes.py", line 432, in main
    return templates.TemplateResponse(
           ~~~~~~~~~~~~~~~~~~~~~~~~~~^
        template,
        ^^^^^^^^^
    ...<4 lines>...
        },
        ^^
    )
    ^
  File "/Users/joshua/Desktop/bizon/venv/lib/python3.14/site-packages/starlette/templating.py", line 148, in TemplateResponse
    template = self.get_template(name)
  File "/Users/joshua/Desktop/bizon/venv/lib/python3.14/site-packages/starlette/templating.py", line 115, in get_template
    return self.env.get_template(name)
           ~~~~~~~~~~~~~~~~~~~~~^^^^^^
  File "/Users/joshua/Desktop/bizon/venv/lib/python3.14/site-packages/jinja2/environment.py", line 1016, in get_template
    return self._load_template(name, globals)
           ~~~~~~~~~~~~~~~~~~~^^^^^^^^^^^^^^^
  File "/Users/joshua/Desktop/bizon/venv/lib/python3.14/site-packages/jinja2/environment.py", line 964, in _load_template
    template = self.cache.get(cache_key)
  File "/Users/joshua/Desktop/bizon/venv/lib/python3.14/site-packages/jinja2/utils.py", line 477, in get
    return self[key]
           ~~~~^^^^^
  File "/Users/joshua/Desktop/bizon/venv/lib/python3.14/site-packages/jinja2/utils.py", line 515, in __getitem__
    rv = self._mapping[key]
         ~~~~~~~~~~~~~^^^^^
TypeError: cannot use 'tuple' as a dict key (unhashable type: 'dict')
2026-04-14 20:09:33,350 - httpx - INFO - HTTP Request: HEAD http://127.0.0.1:7863/ "HTTP/1.1 500 Internal Server Error"
ERROR:    Exception in ASGI application
Traceback (most recent call last):
  File "/Users/joshua/Desktop/bizon/venv/lib/python3.14/site-packages/uvicorn/protocols/http/h11_impl.py", line 415, in run_asgi
    result = await app(  # type: ignore[func-returns-value]
             ^^^^^^^^^^^^^^^^^^^^^^^^^^^^^^^^^^^^^^^^^^^^^^
        self.scope, self.receive, self.send
        ^^^^^^^^^^^^^^^^^^^^^^^^^^^^^^^^^^^
    )
    ^
  File "/Users/joshua/Desktop/bizon/venv/lib/python3.14/site-packages/uvicorn/middleware/proxy_headers.py", line 60, in __call__
    return await self.app(scope, receive, send)
           ^^^^^^^^^^^^^^^^^^^^^^^^^^^^^^^^^^^^
  File "/Users/joshua/Desktop/bizon/venv/lib/python3.14/site-packages/fastapi/applications.py", line 1163, in __call__
    await super().__call__(scope, receive, send)
  File "/Users/joshua/Desktop/bizon/venv/lib/python3.14/site-packages/starlette/applications.py", line 90, in __call__
    await self.middleware_stack(scope, receive, send)
  File "/Users/joshua/Desktop/bizon/venv/lib/python3.14/site-packages/starlette/middleware/errors.py", line 186, in __call__
    raise exc
  File "/Users/joshua/Desktop/bizon/venv/lib/python3.14/site-packages/starlette/middleware/errors.py", line 164, in __call__
    await self.app(scope, receive, _send)
  File "/Users/joshua/Desktop/bizon/venv/lib/python3.14/site-packages/gradio/route_utils.py", line 761, in __call__
    await self.app(scope, receive, send)
  File "/Users/joshua/Desktop/bizon/venv/lib/python3.14/site-packages/starlette/middleware/exceptions.py", line 63, in __call__
    await wrap_app_handling_exceptions(self.app, conn)(scope, receive, send)
  File "/Users/joshua/Desktop/bizon/venv/lib/python3.14/site-packages/starlette/_exception_handler.py", line 53, in wrapped_app
    raise exc
  File "/Users/joshua/Desktop/bizon/venv/lib/python3.14/site-packages/starlette/_exception_handler.py", line 42, in wrapped_app
    await app(scope, receive, sender)
  File "/Users/joshua/Desktop/bizon/venv/lib/python3.14/site-packages/fastapi/middleware/asyncexitstack.py", line 18, in __call__
    await self.app(scope, receive, send)
  File "/Users/joshua/Desktop/bizon/venv/lib/python3.14/site-packages/starlette/routing.py", line 660, in __call__
    await self.middleware_stack(scope, receive, send)
  File "/Users/joshua/Desktop/bizon/venv/lib/python3.14/site-packages/starlette/routing.py", line 680, in app
    await route.handle(scope, receive, send)
  File "/Users/joshua/Desktop/bizon/venv/lib/python3.14/site-packages/starlette/routing.py", line 276, in handle
    await self.app(scope, receive, send)
  File "/Users/joshua/Desktop/bizon/venv/lib/python3.14/site-packages/fastapi/routing.py", line 134, in app
    await wrap_app_handling_exceptions(app, request)(scope, receive, send)
  File "/Users/joshua/Desktop/bizon/venv/lib/python3.14/site-packages/starlette/_exception_handler.py", line 53, in wrapped_app
    raise exc
  File "/Users/joshua/Desktop/bizon/venv/lib/python3.14/site-packages/starlette/_exception_handler.py", line 42, in wrapped_app
    await app(scope, receive, sender)
  File "/Users/joshua/Desktop/bizon/venv/lib/python3.14/site-packages/fastapi/routing.py", line 120, in app
    response = await f(request)
               ^^^^^^^^^^^^^^^^
  File "/Users/joshua/Desktop/bizon/venv/lib/python3.14/site-packages/fastapi/routing.py", line 674, in app
    raw_response = await run_endpoint_function(
                   ^^^^^^^^^^^^^^^^^^^^^^^^^^^^
    ...<3 lines>...
    )
    ^
  File "/Users/joshua/Desktop/bizon/venv/lib/python3.14/site-packages/fastapi/routing.py", line 330, in run_endpoint_function
    return await run_in_threadpool(dependant.call, **values)
           ^^^^^^^^^^^^^^^^^^^^^^^^^^^^^^^^^^^^^^^^^^^^^^^^^
  File "/Users/joshua/Desktop/bizon/venv/lib/python3.14/site-packages/starlette/concurrency.py", line 32, in run_in_threadpool
    return await anyio.to_thread.run_sync(func)
           ^^^^^^^^^^^^^^^^^^^^^^^^^^^^^^^^^^^^
  File "/Users/joshua/Desktop/bizon/venv/lib/python3.14/site-packages/anyio/to_thread.py", line 63, in run_sync
    return await get_async_backend().run_sync_in_worker_thread(
           ^^^^^^^^^^^^^^^^^^^^^^^^^^^^^^^^^^^^^^^^^^^^^^^^^^^^
        func, args, abandon_on_cancel=abandon_on_cancel, limiter=limiter
        ^^^^^^^^^^^^^^^^^^^^^^^^^^^^^^^^^^^^^^^^^^^^^^^^^^^^^^^^^^^^^^^^
    )
    ^
  File "/Users/joshua/Desktop/bizon/venv/lib/python3.14/site-packages/anyio/_backends/_asyncio.py", line 2518, in run_sync_in_worker_thread
    return await future
           ^^^^^^^^^^^^
  File "/Users/joshua/Desktop/bizon/venv/lib/python3.14/site-packages/anyio/_backends/_asyncio.py", line 1002, in run
    result = context.run(func, *args)
  File "/Users/joshua/Desktop/bizon/venv/lib/python3.14/site-packages/gradio/routes.py", line 432, in main
    return templates.TemplateResponse(
           ~~~~~~~~~~~~~~~~~~~~~~~~~~^
        template,
        ^^^^^^^^^
    ...<4 lines>...
        },
        ^^
    )
    ^
  File "/Users/joshua/Desktop/bizon/venv/lib/python3.14/site-packages/starlette/templating.py", line 148, in TemplateResponse
    template = self.get_template(name)
  File "/Users/joshua/Desktop/bizon/venv/lib/python3.14/site-packages/starlette/templating.py", line 115, in get_template
    return self.env.get_template(name)
           ~~~~~~~~~~~~~~~~~~~~~^^^^^^
  File "/Users/joshua/Desktop/bizon/venv/lib/python3.14/site-packages/jinja2/environment.py", line 1016, in get_template
    return self._load_template(name, globals)
           ~~~~~~~~~~~~~~~~~~~^^^^^^^^^^^^^^^
  File "/Users/joshua/Desktop/bizon/venv/lib/python3.14/site-packages/jinja2/environment.py", line 964, in _load_template
    template = self.cache.get(cache_key)
  File "/Users/joshua/Desktop/bizon/venv/lib/python3.14/site-packages/jinja2/utils.py", line 477, in get
    return self[key]
           ~~~~^^^^^
  File "/Users/joshua/Desktop/bizon/venv/lib/python3.14/site-packages/jinja2/utils.py", line 515, in __getitem__
    rv = self._mapping[key]
         ~~~~~~~~~~~~~^^^^^
TypeError: cannot use 'tuple' as a dict key (unhashable type: 'dict')
2026-04-14 20:09:33,857 - httpx - INFO - HTTP Request: HEAD http://127.0.0.1:7863/ "HTTP/1.1 500 Internal Server Error"
ERROR:    Exception in ASGI application
Traceback (most recent call last):
  File "/Users/joshua/Desktop/bizon/venv/lib/python3.14/site-packages/uvicorn/protocols/http/h11_impl.py", line 415, in run_asgi
    result = await app(  # type: ignore[func-returns-value]
             ^^^^^^^^^^^^^^^^^^^^^^^^^^^^^^^^^^^^^^^^^^^^^^
        self.scope, self.receive, self.send
        ^^^^^^^^^^^^^^^^^^^^^^^^^^^^^^^^^^^
    )
    ^
  File "/Users/joshua/Desktop/bizon/venv/lib/python3.14/site-packages/uvicorn/middleware/proxy_headers.py", line 60, in __call__
    return await self.app(scope, receive, send)
           ^^^^^^^^^^^^^^^^^^^^^^^^^^^^^^^^^^^^
  File "/Users/joshua/Desktop/bizon/venv/lib/python3.14/site-packages/fastapi/applications.py", line 1163, in __call__
    await super().__call__(scope, receive, send)
  File "/Users/joshua/Desktop/bizon/venv/lib/python3.14/site-packages/starlette/applications.py", line 90, in __call__
    await self.middleware_stack(scope, receive, send)
  File "/Users/joshua/Desktop/bizon/venv/lib/python3.14/site-packages/starlette/middleware/errors.py", line 186, in __call__
    raise exc
  File "/Users/joshua/Desktop/bizon/venv/lib/python3.14/site-packages/starlette/middleware/errors.py", line 164, in __call__
    await self.app(scope, receive, _send)
  File "/Users/joshua/Desktop/bizon/venv/lib/python3.14/site-packages/gradio/route_utils.py", line 761, in __call__
    await self.app(scope, receive, send)
  File "/Users/joshua/Desktop/bizon/venv/lib/python3.14/site-packages/starlette/middleware/exceptions.py", line 63, in __call__
    await wrap_app_handling_exceptions(self.app, conn)(scope, receive, send)
  File "/Users/joshua/Desktop/bizon/venv/lib/python3.14/site-packages/starlette/_exception_handler.py", line 53, in wrapped_app
    raise exc
  File "/Users/joshua/Desktop/bizon/venv/lib/python3.14/site-packages/starlette/_exception_handler.py", line 42, in wrapped_app
    await app(scope, receive, sender)
  File "/Users/joshua/Desktop/bizon/venv/lib/python3.14/site-packages/fastapi/middleware/asyncexitstack.py", line 18, in __call__
    await self.app(scope, receive, send)
  File "/Users/joshua/Desktop/bizon/venv/lib/python3.14/site-packages/starlette/routing.py", line 660, in __call__
    await self.middleware_stack(scope, receive, send)
  File "/Users/joshua/Desktop/bizon/venv/lib/python3.14/site-packages/starlette/routing.py", line 680, in app
    await route.handle(scope, receive, send)
  File "/Users/joshua/Desktop/bizon/venv/lib/python3.14/site-packages/starlette/routing.py", line 276, in handle
    await self.app(scope, receive, send)
  File "/Users/joshua/Desktop/bizon/venv/lib/python3.14/site-packages/fastapi/routing.py", line 134, in app
    await wrap_app_handling_exceptions(app, request)(scope, receive, send)
  File "/Users/joshua/Desktop/bizon/venv/lib/python3.14/site-packages/starlette/_exception_handler.py", line 53, in wrapped_app
    raise exc
  File "/Users/joshua/Desktop/bizon/venv/lib/python3.14/site-packages/starlette/_exception_handler.py", line 42, in wrapped_app
    await app(scope, receive, sender)
  File "/Users/joshua/Desktop/bizon/venv/lib/python3.14/site-packages/fastapi/routing.py", line 120, in app
    response = await f(request)
               ^^^^^^^^^^^^^^^^
  File "/Users/joshua/Desktop/bizon/venv/lib/python3.14/site-packages/fastapi/routing.py", line 674, in app
    raw_response = await run_endpoint_function(
                   ^^^^^^^^^^^^^^^^^^^^^^^^^^^^
    ...<3 lines>...
    )
    ^
  File "/Users/joshua/Desktop/bizon/venv/lib/python3.14/site-packages/fastapi/routing.py", line 330, in run_endpoint_function
    return await run_in_threadpool(dependant.call, **values)
           ^^^^^^^^^^^^^^^^^^^^^^^^^^^^^^^^^^^^^^^^^^^^^^^^^
  File "/Users/joshua/Desktop/bizon/venv/lib/python3.14/site-packages/starlette/concurrency.py", line 32, in run_in_threadpool
    return await anyio.to_thread.run_sync(func)
           ^^^^^^^^^^^^^^^^^^^^^^^^^^^^^^^^^^^^
  File "/Users/joshua/Desktop/bizon/venv/lib/python3.14/site-packages/anyio/to_thread.py", line 63, in run_sync
    return await get_async_backend().run_sync_in_worker_thread(
           ^^^^^^^^^^^^^^^^^^^^^^^^^^^^^^^^^^^^^^^^^^^^^^^^^^^^
        func, args, abandon_on_cancel=abandon_on_cancel, limiter=limiter
        ^^^^^^^^^^^^^^^^^^^^^^^^^^^^^^^^^^^^^^^^^^^^^^^^^^^^^^^^^^^^^^^^
    )
    ^
  File "/Users/joshua/Desktop/bizon/venv/lib/python3.14/site-packages/anyio/_backends/_asyncio.py", line 2518, in run_sync_in_worker_thread
    return await future
           ^^^^^^^^^^^^
  File "/Users/joshua/Desktop/bizon/venv/lib/python3.14/site-packages/anyio/_backends/_asyncio.py", line 1002, in run
    result = context.run(func, *args)
  File "/Users/joshua/Desktop/bizon/venv/lib/python3.14/site-packages/gradio/routes.py", line 432, in main
    return templates.TemplateResponse(
           ~~~~~~~~~~~~~~~~~~~~~~~~~~^
        template,
        ^^^^^^^^^
    ...<4 lines>...
        },
        ^^
    )
    ^
  File "/Users/joshua/Desktop/bizon/venv/lib/python3.14/site-packages/starlette/templating.py", line 148, in TemplateResponse
    template = self.get_template(name)
  File "/Users/joshua/Desktop/bizon/venv/lib/python3.14/site-packages/starlette/templating.py", line 115, in get_template
    return self.env.get_template(name)
           ~~~~~~~~~~~~~~~~~~~~~^^^^^^
  File "/Users/joshua/Desktop/bizon/venv/lib/python3.14/site-packages/jinja2/environment.py", line 1016, in get_template
    return self._load_template(name, globals)
           ~~~~~~~~~~~~~~~~~~~^^^^^^^^^^^^^^^
  File "/Users/joshua/Desktop/bizon/venv/lib/python3.14/site-packages/jinja2/environment.py", line 964, in _load_template
    template = self.cache.get(cache_key)
  File "/Users/joshua/Desktop/bizon/venv/lib/python3.14/site-packages/jinja2/utils.py", line 477, in get
    return self[key]
           ~~~~^^^^^
  File "/Users/joshua/Desktop/bizon/venv/lib/python3.14/site-packages/jinja2/utils.py", line 515, in __getitem__
    rv = self._mapping[key]
         ~~~~~~~~~~~~~^^^^^
TypeError: cannot use 'tuple' as a dict key (unhashable type: 'dict')
Exception in Tkinter callback
Traceback (most recent call last):
  File "/Library/Frameworks/Python.framework/Versions/3.14/lib/python3.14/tkinter/__init__.py", line 2082, in __call__
    return self.func(*args)
           ~~~~~~~~~^^^^^^^
  File "/Users/joshua/Desktop/bizon/src/ui/launcher_ui.py", line 36, in <lambda>
    self.canvas.bind("<Button-1>", lambda e: self.command() if self.command else None)
                                             ~~~~~~~~~~~~^^
  File "/Users/joshua/Desktop/bizon/main.py", line 51, in on_launch
    launch_terminal_process()
    ~~~~~~~~~~~~~~~~~~~~~~~^^
  File "/Users/joshua/Desktop/bizon/main.py", line 38, in launch_terminal_process
    launch_dashboard(standalone=True)
    ~~~~~~~~~~~~~~~~^^^^^^^^^^^^^^^^^
  File "/Users/joshua/Desktop/bizon/src/ui/dashboard.py", line 154, in launch_dashboard
    _, local_url, _ = demo.launch(
                      ~~~~~~~~~~~^
        share=share,
        ^^^^^^^^^^^^
    ...<2 lines>...
        prevent_thread_lock=True
        ^^^^^^^^^^^^^^^^^^^^^^^^
    )
    ^
  File "/Users/joshua/Desktop/bizon/venv/lib/python3.14/site-packages/gradio/blocks.py", line 2465, in launch
    raise ValueError(
        "When localhost is not accessible, a shareable link must be created. Please set share=True or check your proxy settings to allow access to localhost."
    )
ValueError: When localhost is not accessible, a shareable link must be created. Please set share=True or check your proxy settings to allow access to localhost.
2026-04-14 20:09:41,825 - httpx - INFO - HTTP Request: GET https://api.gradio.app/gradio-messaging/en "HTTP/1.1 200 OK"
2026-04-14 20:09:42,039 - bizon_config - INFO - ⚡ Initialisation du contexte Hardware Bizon...
2026-04-14 20:09:42,039 - hardware_detector - INFO - Starting local hardware detection...
2026-04-14 20:09:42,060 - BizonMain - INFO - Démarrage de l'interface de contrôle...
2026-04-14 20:09:42,367 - hardware_detector - INFO - Starting local hardware detection...
2026-04-14 20:09:43,215 - BizonMain - INFO - Signal de lancement du terminal reçu.
2026-04-14 20:09:43,224 - BizonMain - INFO - Démarrage du Terminal de Trading (Webview)...
2026-04-14 20:09:43,329 - httpx - INFO - HTTP Request: GET https://checkip.amazonaws.com/ "HTTP/1.1 200 "
Running on local URL:  http://127.0.0.1:7861
2026-04-14 20:09:43,419 - httpx - INFO - HTTP Request: GET http://127.0.0.1:7861/startup-events "HTTP/1.1 200 OK"
2026-04-14 20:09:43,423 - httpx - INFO - HTTP Request: HEAD http://127.0.0.1:7861/ "HTTP/1.1 500 Internal Server Error"
ERROR:    Exception in ASGI application
Traceback (most recent call last):
  File "/Users/joshua/Desktop/bizon/venv/lib/python3.14/site-packages/uvicorn/protocols/http/h11_impl.py", line 415, in run_asgi
    result = await app(  # type: ignore[func-returns-value]
             ^^^^^^^^^^^^^^^^^^^^^^^^^^^^^^^^^^^^^^^^^^^^^^
        self.scope, self.receive, self.send
        ^^^^^^^^^^^^^^^^^^^^^^^^^^^^^^^^^^^
    )
    ^
  File "/Users/joshua/Desktop/bizon/venv/lib/python3.14/site-packages/uvicorn/middleware/proxy_headers.py", line 60, in __call__
    return await self.app(scope, receive, send)
           ^^^^^^^^^^^^^^^^^^^^^^^^^^^^^^^^^^^^
  File "/Users/joshua/Desktop/bizon/venv/lib/python3.14/site-packages/fastapi/applications.py", line 1163, in __call__
    await super().__call__(scope, receive, send)
  File "/Users/joshua/Desktop/bizon/venv/lib/python3.14/site-packages/starlette/applications.py", line 90, in __call__
    await self.middleware_stack(scope, receive, send)
  File "/Users/joshua/Desktop/bizon/venv/lib/python3.14/site-packages/starlette/middleware/errors.py", line 186, in __call__
    raise exc
  File "/Users/joshua/Desktop/bizon/venv/lib/python3.14/site-packages/starlette/middleware/errors.py", line 164, in __call__
    await self.app(scope, receive, _send)
  File "/Users/joshua/Desktop/bizon/venv/lib/python3.14/site-packages/gradio/route_utils.py", line 761, in __call__
    await self.app(scope, receive, send)
  File "/Users/joshua/Desktop/bizon/venv/lib/python3.14/site-packages/starlette/middleware/exceptions.py", line 63, in __call__
    await wrap_app_handling_exceptions(self.app, conn)(scope, receive, send)
  File "/Users/joshua/Desktop/bizon/venv/lib/python3.14/site-packages/starlette/_exception_handler.py", line 53, in wrapped_app
    raise exc
  File "/Users/joshua/Desktop/bizon/venv/lib/python3.14/site-packages/starlette/_exception_handler.py", line 42, in wrapped_app
    await app(scope, receive, sender)
  File "/Users/joshua/Desktop/bizon/venv/lib/python3.14/site-packages/fastapi/middleware/asyncexitstack.py", line 18, in __call__
    await self.app(scope, receive, send)
  File "/Users/joshua/Desktop/bizon/venv/lib/python3.14/site-packages/starlette/routing.py", line 660, in __call__
    await self.middleware_stack(scope, receive, send)
  File "/Users/joshua/Desktop/bizon/venv/lib/python3.14/site-packages/starlette/routing.py", line 680, in app
    await route.handle(scope, receive, send)
  File "/Users/joshua/Desktop/bizon/venv/lib/python3.14/site-packages/starlette/routing.py", line 276, in handle
    await self.app(scope, receive, send)
  File "/Users/joshua/Desktop/bizon/venv/lib/python3.14/site-packages/fastapi/routing.py", line 134, in app
    await wrap_app_handling_exceptions(app, request)(scope, receive, send)
  File "/Users/joshua/Desktop/bizon/venv/lib/python3.14/site-packages/starlette/_exception_handler.py", line 53, in wrapped_app
    raise exc
  File "/Users/joshua/Desktop/bizon/venv/lib/python3.14/site-packages/starlette/_exception_handler.py", line 42, in wrapped_app
    await app(scope, receive, sender)
  File "/Users/joshua/Desktop/bizon/venv/lib/python3.14/site-packages/fastapi/routing.py", line 120, in app
    response = await f(request)
               ^^^^^^^^^^^^^^^^
  File "/Users/joshua/Desktop/bizon/venv/lib/python3.14/site-packages/fastapi/routing.py", line 674, in app
    raw_response = await run_endpoint_function(
                   ^^^^^^^^^^^^^^^^^^^^^^^^^^^^
    ...<3 lines>...
    )
    ^
  File "/Users/joshua/Desktop/bizon/venv/lib/python3.14/site-packages/fastapi/routing.py", line 330, in run_endpoint_function
    return await run_in_threadpool(dependant.call, **values)
           ^^^^^^^^^^^^^^^^^^^^^^^^^^^^^^^^^^^^^^^^^^^^^^^^^
  File "/Users/joshua/Desktop/bizon/venv/lib/python3.14/site-packages/starlette/concurrency.py", line 32, in run_in_threadpool
    return await anyio.to_thread.run_sync(func)
           ^^^^^^^^^^^^^^^^^^^^^^^^^^^^^^^^^^^^
  File "/Users/joshua/Desktop/bizon/venv/lib/python3.14/site-packages/anyio/to_thread.py", line 63, in run_sync
    return await get_async_backend().run_sync_in_worker_thread(
           ^^^^^^^^^^^^^^^^^^^^^^^^^^^^^^^^^^^^^^^^^^^^^^^^^^^^
        func, args, abandon_on_cancel=abandon_on_cancel, limiter=limiter
        ^^^^^^^^^^^^^^^^^^^^^^^^^^^^^^^^^^^^^^^^^^^^^^^^^^^^^^^^^^^^^^^^
    )
    ^
  File "/Users/joshua/Desktop/bizon/venv/lib/python3.14/site-packages/anyio/_backends/_asyncio.py", line 2518, in run_sync_in_worker_thread
    return await future
           ^^^^^^^^^^^^
  File "/Users/joshua/Desktop/bizon/venv/lib/python3.14/site-packages/anyio/_backends/_asyncio.py", line 1002, in run
    result = context.run(func, *args)
  File "/Users/joshua/Desktop/bizon/venv/lib/python3.14/site-packages/gradio/routes.py", line 432, in main
    return templates.TemplateResponse(
           ~~~~~~~~~~~~~~~~~~~~~~~~~~^
        template,
        ^^^^^^^^^
    ...<4 lines>...
        },
        ^^
    )
    ^
  File "/Users/joshua/Desktop/bizon/venv/lib/python3.14/site-packages/starlette/templating.py", line 148, in TemplateResponse
    template = self.get_template(name)
  File "/Users/joshua/Desktop/bizon/venv/lib/python3.14/site-packages/starlette/templating.py", line 115, in get_template
    return self.env.get_template(name)
           ~~~~~~~~~~~~~~~~~~~~~^^^^^^
  File "/Users/joshua/Desktop/bizon/venv/lib/python3.14/site-packages/jinja2/environment.py", line 1016, in get_template
    return self._load_template(name, globals)
           ~~~~~~~~~~~~~~~~~~~^^^^^^^^^^^^^^^
  File "/Users/joshua/Desktop/bizon/venv/lib/python3.14/site-packages/jinja2/environment.py", line 964, in _load_template
    template = self.cache.get(cache_key)
  File "/Users/joshua/Desktop/bizon/venv/lib/python3.14/site-packages/jinja2/utils.py", line 477, in get
    return self[key]
           ~~~~^^^^^
  File "/Users/joshua/Desktop/bizon/venv/lib/python3.14/site-packages/jinja2/utils.py", line 515, in __getitem__
    rv = self._mapping[key]
         ~~~~~~~~~~~~~^^^^^
TypeError: cannot use 'tuple' as a dict key (unhashable type: 'dict')
2026-04-14 20:09:43,927 - httpx - INFO - HTTP Request: HEAD http://127.0.0.1:7861/ "HTTP/1.1 500 Internal Server Error"
ERROR:    Exception in ASGI application
Traceback (most recent call last):
  File "/Users/joshua/Desktop/bizon/venv/lib/python3.14/site-packages/uvicorn/protocols/http/h11_impl.py", line 415, in run_asgi
    result = await app(  # type: ignore[func-returns-value]
             ^^^^^^^^^^^^^^^^^^^^^^^^^^^^^^^^^^^^^^^^^^^^^^
        self.scope, self.receive, self.send
        ^^^^^^^^^^^^^^^^^^^^^^^^^^^^^^^^^^^
    )
    ^
  File "/Users/joshua/Desktop/bizon/venv/lib/python3.14/site-packages/uvicorn/middleware/proxy_headers.py", line 60, in __call__
    return await self.app(scope, receive, send)
           ^^^^^^^^^^^^^^^^^^^^^^^^^^^^^^^^^^^^
  File "/Users/joshua/Desktop/bizon/venv/lib/python3.14/site-packages/fastapi/applications.py", line 1163, in __call__
    await super().__call__(scope, receive, send)
  File "/Users/joshua/Desktop/bizon/venv/lib/python3.14/site-packages/starlette/applications.py", line 90, in __call__
    await self.middleware_stack(scope, receive, send)
  File "/Users/joshua/Desktop/bizon/venv/lib/python3.14/site-packages/starlette/middleware/errors.py", line 186, in __call__
    raise exc
  File "/Users/joshua/Desktop/bizon/venv/lib/python3.14/site-packages/starlette/middleware/errors.py", line 164, in __call__
    await self.app(scope, receive, _send)
  File "/Users/joshua/Desktop/bizon/venv/lib/python3.14/site-packages/gradio/route_utils.py", line 761, in __call__
    await self.app(scope, receive, send)
  File "/Users/joshua/Desktop/bizon/venv/lib/python3.14/site-packages/starlette/middleware/exceptions.py", line 63, in __call__
    await wrap_app_handling_exceptions(self.app, conn)(scope, receive, send)
  File "/Users/joshua/Desktop/bizon/venv/lib/python3.14/site-packages/starlette/_exception_handler.py", line 53, in wrapped_app
    raise exc
  File "/Users/joshua/Desktop/bizon/venv/lib/python3.14/site-packages/starlette/_exception_handler.py", line 42, in wrapped_app
    await app(scope, receive, sender)
  File "/Users/joshua/Desktop/bizon/venv/lib/python3.14/site-packages/fastapi/middleware/asyncexitstack.py", line 18, in __call__
    await self.app(scope, receive, send)
  File "/Users/joshua/Desktop/bizon/venv/lib/python3.14/site-packages/starlette/routing.py", line 660, in __call__
    await self.middleware_stack(scope, receive, send)
  File "/Users/joshua/Desktop/bizon/venv/lib/python3.14/site-packages/starlette/routing.py", line 680, in app
    await route.handle(scope, receive, send)
  File "/Users/joshua/Desktop/bizon/venv/lib/python3.14/site-packages/starlette/routing.py", line 276, in handle
    await self.app(scope, receive, send)
  File "/Users/joshua/Desktop/bizon/venv/lib/python3.14/site-packages/fastapi/routing.py", line 134, in app
    await wrap_app_handling_exceptions(app, request)(scope, receive, send)
  File "/Users/joshua/Desktop/bizon/venv/lib/python3.14/site-packages/starlette/_exception_handler.py", line 53, in wrapped_app
    raise exc
  File "/Users/joshua/Desktop/bizon/venv/lib/python3.14/site-packages/starlette/_exception_handler.py", line 42, in wrapped_app
    await app(scope, receive, sender)
  File "/Users/joshua/Desktop/bizon/venv/lib/python3.14/site-packages/fastapi/routing.py", line 120, in app
    response = await f(request)
               ^^^^^^^^^^^^^^^^
  File "/Users/joshua/Desktop/bizon/venv/lib/python3.14/site-packages/fastapi/routing.py", line 674, in app
    raw_response = await run_endpoint_function(
                   ^^^^^^^^^^^^^^^^^^^^^^^^^^^^
    ...<3 lines>...
    )
    ^
  File "/Users/joshua/Desktop/bizon/venv/lib/python3.14/site-packages/fastapi/routing.py", line 330, in run_endpoint_function
    return await run_in_threadpool(dependant.call, **values)
           ^^^^^^^^^^^^^^^^^^^^^^^^^^^^^^^^^^^^^^^^^^^^^^^^^
  File "/Users/joshua/Desktop/bizon/venv/lib/python3.14/site-packages/starlette/concurrency.py", line 32, in run_in_threadpool
    return await anyio.to_thread.run_sync(func)
           ^^^^^^^^^^^^^^^^^^^^^^^^^^^^^^^^^^^^
  File "/Users/joshua/Desktop/bizon/venv/lib/python3.14/site-packages/anyio/to_thread.py", line 63, in run_sync
    return await get_async_backend().run_sync_in_worker_thread(
           ^^^^^^^^^^^^^^^^^^^^^^^^^^^^^^^^^^^^^^^^^^^^^^^^^^^^
        func, args, abandon_on_cancel=abandon_on_cancel, limiter=limiter
        ^^^^^^^^^^^^^^^^^^^^^^^^^^^^^^^^^^^^^^^^^^^^^^^^^^^^^^^^^^^^^^^^
    )
    ^
  File "/Users/joshua/Desktop/bizon/venv/lib/python3.14/site-packages/anyio/_backends/_asyncio.py", line 2518, in run_sync_in_worker_thread
    return await future
           ^^^^^^^^^^^^
  File "/Users/joshua/Desktop/bizon/venv/lib/python3.14/site-packages/anyio/_backends/_asyncio.py", line 1002, in run
    result = context.run(func, *args)
  File "/Users/joshua/Desktop/bizon/venv/lib/python3.14/site-packages/gradio/routes.py", line 432, in main
    return templates.TemplateResponse(
           ~~~~~~~~~~~~~~~~~~~~~~~~~~^
        template,
        ^^^^^^^^^
    ...<4 lines>...
        },
        ^^
    )
    ^
  File "/Users/joshua/Desktop/bizon/venv/lib/python3.14/site-packages/starlette/templating.py", line 148, in TemplateResponse
    template = self.get_template(name)
  File "/Users/joshua/Desktop/bizon/venv/lib/python3.14/site-packages/starlette/templating.py", line 115, in get_template
    return self.env.get_template(name)
           ~~~~~~~~~~~~~~~~~~~~~^^^^^^
  File "/Users/joshua/Desktop/bizon/venv/lib/python3.14/site-packages/jinja2/environment.py", line 1016, in get_template
    return self._load_template(name, globals)
           ~~~~~~~~~~~~~~~~~~~^^^^^^^^^^^^^^^
  File "/Users/joshua/Desktop/bizon/venv/lib/python3.14/site-packages/jinja2/environment.py", line 964, in _load_template
    template = self.cache.get(cache_key)
  File "/Users/joshua/Desktop/bizon/venv/lib/python3.14/site-packages/jinja2/utils.py", line 477, in get
    return self[key]
           ~~~~^^^^^
  File "/Users/joshua/Desktop/bizon/venv/lib/python3.14/site-packages/jinja2/utils.py", line 515, in __getitem__
    rv = self._mapping[key]
         ~~~~~~~~~~~~~^^^^^
TypeError: cannot use 'tuple' as a dict key (unhashable type: 'dict')
2026-04-14 20:09:43,930 - httpx - INFO - HTTP Request: GET https://api.gradio.app/pkg-version "HTTP/1.1 200 OK"
2026-04-14 20:09:44,433 - httpx - INFO - HTTP Request: HEAD http://127.0.0.1:7861/ "HTTP/1.1 500 Internal Server Error"
ERROR:    Exception in ASGI application
Traceback (most recent call last):
  File "/Users/joshua/Desktop/bizon/venv/lib/python3.14/site-packages/uvicorn/protocols/http/h11_impl.py", line 415, in run_asgi
    result = await app(  # type: ignore[func-returns-value]
             ^^^^^^^^^^^^^^^^^^^^^^^^^^^^^^^^^^^^^^^^^^^^^^
        self.scope, self.receive, self.send
        ^^^^^^^^^^^^^^^^^^^^^^^^^^^^^^^^^^^
    )
    ^
  File "/Users/joshua/Desktop/bizon/venv/lib/python3.14/site-packages/uvicorn/middleware/proxy_headers.py", line 60, in __call__
    return await self.app(scope, receive, send)
           ^^^^^^^^^^^^^^^^^^^^^^^^^^^^^^^^^^^^
  File "/Users/joshua/Desktop/bizon/venv/lib/python3.14/site-packages/fastapi/applications.py", line 1163, in __call__
    await super().__call__(scope, receive, send)
  File "/Users/joshua/Desktop/bizon/venv/lib/python3.14/site-packages/starlette/applications.py", line 90, in __call__
    await self.middleware_stack(scope, receive, send)
  File "/Users/joshua/Desktop/bizon/venv/lib/python3.14/site-packages/starlette/middleware/errors.py", line 186, in __call__
    raise exc
  File "/Users/joshua/Desktop/bizon/venv/lib/python3.14/site-packages/starlette/middleware/errors.py", line 164, in __call__
    await self.app(scope, receive, _send)
  File "/Users/joshua/Desktop/bizon/venv/lib/python3.14/site-packages/gradio/route_utils.py", line 761, in __call__
    await self.app(scope, receive, send)
  File "/Users/joshua/Desktop/bizon/venv/lib/python3.14/site-packages/starlette/middleware/exceptions.py", line 63, in __call__
    await wrap_app_handling_exceptions(self.app, conn)(scope, receive, send)
  File "/Users/joshua/Desktop/bizon/venv/lib/python3.14/site-packages/starlette/_exception_handler.py", line 53, in wrapped_app
    raise exc
  File "/Users/joshua/Desktop/bizon/venv/lib/python3.14/site-packages/starlette/_exception_handler.py", line 42, in wrapped_app
    await app(scope, receive, sender)
  File "/Users/joshua/Desktop/bizon/venv/lib/python3.14/site-packages/fastapi/middleware/asyncexitstack.py", line 18, in __call__
    await self.app(scope, receive, send)
  File "/Users/joshua/Desktop/bizon/venv/lib/python3.14/site-packages/starlette/routing.py", line 660, in __call__
    await self.middleware_stack(scope, receive, send)
  File "/Users/joshua/Desktop/bizon/venv/lib/python3.14/site-packages/starlette/routing.py", line 680, in app
    await route.handle(scope, receive, send)
  File "/Users/joshua/Desktop/bizon/venv/lib/python3.14/site-packages/starlette/routing.py", line 276, in handle
    await self.app(scope, receive, send)
  File "/Users/joshua/Desktop/bizon/venv/lib/python3.14/site-packages/fastapi/routing.py", line 134, in app
    await wrap_app_handling_exceptions(app, request)(scope, receive, send)
  File "/Users/joshua/Desktop/bizon/venv/lib/python3.14/site-packages/starlette/_exception_handler.py", line 53, in wrapped_app
    raise exc
  File "/Users/joshua/Desktop/bizon/venv/lib/python3.14/site-packages/starlette/_exception_handler.py", line 42, in wrapped_app
    await app(scope, receive, sender)
  File "/Users/joshua/Desktop/bizon/venv/lib/python3.14/site-packages/fastapi/routing.py", line 120, in app
    response = await f(request)
               ^^^^^^^^^^^^^^^^
  File "/Users/joshua/Desktop/bizon/venv/lib/python3.14/site-packages/fastapi/routing.py", line 674, in app
    raw_response = await run_endpoint_function(
                   ^^^^^^^^^^^^^^^^^^^^^^^^^^^^
    ...<3 lines>...
    )
    ^
  File "/Users/joshua/Desktop/bizon/venv/lib/python3.14/site-packages/fastapi/routing.py", line 330, in run_endpoint_function
    return await run_in_threadpool(dependant.call, **values)
           ^^^^^^^^^^^^^^^^^^^^^^^^^^^^^^^^^^^^^^^^^^^^^^^^^
  File "/Users/joshua/Desktop/bizon/venv/lib/python3.14/site-packages/starlette/concurrency.py", line 32, in run_in_threadpool
    return await anyio.to_thread.run_sync(func)
           ^^^^^^^^^^^^^^^^^^^^^^^^^^^^^^^^^^^^
  File "/Users/joshua/Desktop/bizon/venv/lib/python3.14/site-packages/anyio/to_thread.py", line 63, in run_sync
    return await get_async_backend().run_sync_in_worker_thread(
           ^^^^^^^^^^^^^^^^^^^^^^^^^^^^^^^^^^^^^^^^^^^^^^^^^^^^
        func, args, abandon_on_cancel=abandon_on_cancel, limiter=limiter
        ^^^^^^^^^^^^^^^^^^^^^^^^^^^^^^^^^^^^^^^^^^^^^^^^^^^^^^^^^^^^^^^^
    )
    ^
  File "/Users/joshua/Desktop/bizon/venv/lib/python3.14/site-packages/anyio/_backends/_asyncio.py", line 2518, in run_sync_in_worker_thread
    return await future
           ^^^^^^^^^^^^
  File "/Users/joshua/Desktop/bizon/venv/lib/python3.14/site-packages/anyio/_backends/_asyncio.py", line 1002, in run
    result = context.run(func, *args)
  File "/Users/joshua/Desktop/bizon/venv/lib/python3.14/site-packages/gradio/routes.py", line 432, in main
    return templates.TemplateResponse(
           ~~~~~~~~~~~~~~~~~~~~~~~~~~^
        template,
        ^^^^^^^^^
    ...<4 lines>...
        },
        ^^
    )
    ^
  File "/Users/joshua/Desktop/bizon/venv/lib/python3.14/site-packages/starlette/templating.py", line 148, in TemplateResponse
    template = self.get_template(name)
  File "/Users/joshua/Desktop/bizon/venv/lib/python3.14/site-packages/starlette/templating.py", line 115, in get_template
    return self.env.get_template(name)
           ~~~~~~~~~~~~~~~~~~~~~^^^^^^
  File "/Users/joshua/Desktop/bizon/venv/lib/python3.14/site-packages/jinja2/environment.py", line 1016, in get_template
    return self._load_template(name, globals)
           ~~~~~~~~~~~~~~~~~~~^^^^^^^^^^^^^^^
  File "/Users/joshua/Desktop/bizon/venv/lib/python3.14/site-packages/jinja2/environment.py", line 964, in _load_template
    template = self.cache.get(cache_key)
  File "/Users/joshua/Desktop/bizon/venv/lib/python3.14/site-packages/jinja2/utils.py", line 477, in get
    return self[key]
           ~~~~^^^^^
  File "/Users/joshua/Desktop/bizon/venv/lib/python3.14/site-packages/jinja2/utils.py", line 515, in __getitem__
    rv = self._mapping[key]
         ~~~~~~~~~~~~~^^^^^
TypeError: cannot use 'tuple' as a dict key (unhashable type: 'dict')
2026-04-14 20:09:44,941 - httpx - INFO - HTTP Request: HEAD http://127.0.0.1:7861/ "HTTP/1.1 500 Internal Server Error"
ERROR:    Exception in ASGI application
Traceback (most recent call last):
  File "/Users/joshua/Desktop/bizon/venv/lib/python3.14/site-packages/uvicorn/protocols/http/h11_impl.py", line 415, in run_asgi
    result = await app(  # type: ignore[func-returns-value]
             ^^^^^^^^^^^^^^^^^^^^^^^^^^^^^^^^^^^^^^^^^^^^^^
        self.scope, self.receive, self.send
        ^^^^^^^^^^^^^^^^^^^^^^^^^^^^^^^^^^^
    )
    ^
  File "/Users/joshua/Desktop/bizon/venv/lib/python3.14/site-packages/uvicorn/middleware/proxy_headers.py", line 60, in __call__
    return await self.app(scope, receive, send)
           ^^^^^^^^^^^^^^^^^^^^^^^^^^^^^^^^^^^^
  File "/Users/joshua/Desktop/bizon/venv/lib/python3.14/site-packages/fastapi/applications.py", line 1163, in __call__
    await super().__call__(scope, receive, send)
  File "/Users/joshua/Desktop/bizon/venv/lib/python3.14/site-packages/starlette/applications.py", line 90, in __call__
    await self.middleware_stack(scope, receive, send)
  File "/Users/joshua/Desktop/bizon/venv/lib/python3.14/site-packages/starlette/middleware/errors.py", line 186, in __call__
    raise exc
  File "/Users/joshua/Desktop/bizon/venv/lib/python3.14/site-packages/starlette/middleware/errors.py", line 164, in __call__
    await self.app(scope, receive, _send)
  File "/Users/joshua/Desktop/bizon/venv/lib/python3.14/site-packages/gradio/route_utils.py", line 761, in __call__
    await self.app(scope, receive, send)
  File "/Users/joshua/Desktop/bizon/venv/lib/python3.14/site-packages/starlette/middleware/exceptions.py", line 63, in __call__
    await wrap_app_handling_exceptions(self.app, conn)(scope, receive, send)
  File "/Users/joshua/Desktop/bizon/venv/lib/python3.14/site-packages/starlette/_exception_handler.py", line 53, in wrapped_app
    raise exc
  File "/Users/joshua/Desktop/bizon/venv/lib/python3.14/site-packages/starlette/_exception_handler.py", line 42, in wrapped_app
    await app(scope, receive, sender)
  File "/Users/joshua/Desktop/bizon/venv/lib/python3.14/site-packages/fastapi/middleware/asyncexitstack.py", line 18, in __call__
    await self.app(scope, receive, send)
  File "/Users/joshua/Desktop/bizon/venv/lib/python3.14/site-packages/starlette/routing.py", line 660, in __call__
    await self.middleware_stack(scope, receive, send)
  File "/Users/joshua/Desktop/bizon/venv/lib/python3.14/site-packages/starlette/routing.py", line 680, in app
    await route.handle(scope, receive, send)
  File "/Users/joshua/Desktop/bizon/venv/lib/python3.14/site-packages/starlette/routing.py", line 276, in handle
    await self.app(scope, receive, send)
  File "/Users/joshua/Desktop/bizon/venv/lib/python3.14/site-packages/fastapi/routing.py", line 134, in app
    await wrap_app_handling_exceptions(app, request)(scope, receive, send)
  File "/Users/joshua/Desktop/bizon/venv/lib/python3.14/site-packages/starlette/_exception_handler.py", line 53, in wrapped_app
    raise exc
  File "/Users/joshua/Desktop/bizon/venv/lib/python3.14/site-packages/starlette/_exception_handler.py", line 42, in wrapped_app
    await app(scope, receive, sender)
  File "/Users/joshua/Desktop/bizon/venv/lib/python3.14/site-packages/fastapi/routing.py", line 120, in app
    response = await f(request)
               ^^^^^^^^^^^^^^^^
  File "/Users/joshua/Desktop/bizon/venv/lib/python3.14/site-packages/fastapi/routing.py", line 674, in app
    raw_response = await run_endpoint_function(
                   ^^^^^^^^^^^^^^^^^^^^^^^^^^^^
    ...<3 lines>...
    )
    ^
  File "/Users/joshua/Desktop/bizon/venv/lib/python3.14/site-packages/fastapi/routing.py", line 330, in run_endpoint_function
    return await run_in_threadpool(dependant.call, **values)
           ^^^^^^^^^^^^^^^^^^^^^^^^^^^^^^^^^^^^^^^^^^^^^^^^^
  File "/Users/joshua/Desktop/bizon/venv/lib/python3.14/site-packages/starlette/concurrency.py", line 32, in run_in_threadpool
    return await anyio.to_thread.run_sync(func)
           ^^^^^^^^^^^^^^^^^^^^^^^^^^^^^^^^^^^^
  File "/Users/joshua/Desktop/bizon/venv/lib/python3.14/site-packages/anyio/to_thread.py", line 63, in run_sync
    return await get_async_backend().run_sync_in_worker_thread(
           ^^^^^^^^^^^^^^^^^^^^^^^^^^^^^^^^^^^^^^^^^^^^^^^^^^^^
        func, args, abandon_on_cancel=abandon_on_cancel, limiter=limiter
        ^^^^^^^^^^^^^^^^^^^^^^^^^^^^^^^^^^^^^^^^^^^^^^^^^^^^^^^^^^^^^^^^
    )
    ^
  File "/Users/joshua/Desktop/bizon/venv/lib/python3.14/site-packages/anyio/_backends/_asyncio.py", line 2518, in run_sync_in_worker_thread
    return await future
           ^^^^^^^^^^^^
  File "/Users/joshua/Desktop/bizon/venv/lib/python3.14/site-packages/anyio/_backends/_asyncio.py", line 1002, in run
    result = context.run(func, *args)
  File "/Users/joshua/Desktop/bizon/venv/lib/python3.14/site-packages/gradio/routes.py", line 432, in main
    return templates.TemplateResponse(
           ~~~~~~~~~~~~~~~~~~~~~~~~~~^
        template,
        ^^^^^^^^^
    ...<4 lines>...
        },
        ^^
    )
    ^
  File "/Users/joshua/Desktop/bizon/venv/lib/python3.14/site-packages/starlette/templating.py", line 148, in TemplateResponse
    template = self.get_template(name)
  File "/Users/joshua/Desktop/bizon/venv/lib/python3.14/site-packages/starlette/templating.py", line 115, in get_template
    return self.env.get_template(name)
           ~~~~~~~~~~~~~~~~~~~~~^^^^^^
  File "/Users/joshua/Desktop/bizon/venv/lib/python3.14/site-packages/jinja2/environment.py", line 1016, in get_template
    return self._load_template(name, globals)
           ~~~~~~~~~~~~~~~~~~~^^^^^^^^^^^^^^^
  File "/Users/joshua/Desktop/bizon/venv/lib/python3.14/site-packages/jinja2/environment.py", line 964, in _load_template
    template = self.cache.get(cache_key)
  File "/Users/joshua/Desktop/bizon/venv/lib/python3.14/site-packages/jinja2/utils.py", line 477, in get
    return self[key]
           ~~~~^^^^^
  File "/Users/joshua/Desktop/bizon/venv/lib/python3.14/site-packages/jinja2/utils.py", line 515, in __getitem__
    rv = self._mapping[key]
         ~~~~~~~~~~~~~^^^^^
TypeError: cannot use 'tuple' as a dict key (unhashable type: 'dict')
2026-04-14 20:09:45,453 - httpx - INFO - HTTP Request: HEAD http://127.0.0.1:7861/ "HTTP/1.1 500 Internal Server Error"
ERROR:    Exception in ASGI application
Traceback (most recent call last):
  File "/Users/joshua/Desktop/bizon/venv/lib/python3.14/site-packages/uvicorn/protocols/http/h11_impl.py", line 415, in run_asgi
    result = await app(  # type: ignore[func-returns-value]
             ^^^^^^^^^^^^^^^^^^^^^^^^^^^^^^^^^^^^^^^^^^^^^^
        self.scope, self.receive, self.send
        ^^^^^^^^^^^^^^^^^^^^^^^^^^^^^^^^^^^
    )
    ^
  File "/Users/joshua/Desktop/bizon/venv/lib/python3.14/site-packages/uvicorn/middleware/proxy_headers.py", line 60, in __call__
    return await self.app(scope, receive, send)
           ^^^^^^^^^^^^^^^^^^^^^^^^^^^^^^^^^^^^
  File "/Users/joshua/Desktop/bizon/venv/lib/python3.14/site-packages/fastapi/applications.py", line 1163, in __call__
    await super().__call__(scope, receive, send)
  File "/Users/joshua/Desktop/bizon/venv/lib/python3.14/site-packages/starlette/applications.py", line 90, in __call__
    await self.middleware_stack(scope, receive, send)
  File "/Users/joshua/Desktop/bizon/venv/lib/python3.14/site-packages/starlette/middleware/errors.py", line 186, in __call__
    raise exc
  File "/Users/joshua/Desktop/bizon/venv/lib/python3.14/site-packages/starlette/middleware/errors.py", line 164, in __call__
    await self.app(scope, receive, _send)
  File "/Users/joshua/Desktop/bizon/venv/lib/python3.14/site-packages/gradio/route_utils.py", line 761, in __call__
    await self.app(scope, receive, send)
  File "/Users/joshua/Desktop/bizon/venv/lib/python3.14/site-packages/starlette/middleware/exceptions.py", line 63, in __call__
    await wrap_app_handling_exceptions(self.app, conn)(scope, receive, send)
  File "/Users/joshua/Desktop/bizon/venv/lib/python3.14/site-packages/starlette/_exception_handler.py", line 53, in wrapped_app
    raise exc
  File "/Users/joshua/Desktop/bizon/venv/lib/python3.14/site-packages/starlette/_exception_handler.py", line 42, in wrapped_app
    await app(scope, receive, sender)
  File "/Users/joshua/Desktop/bizon/venv/lib/python3.14/site-packages/fastapi/middleware/asyncexitstack.py", line 18, in __call__
    await self.app(scope, receive, send)
  File "/Users/joshua/Desktop/bizon/venv/lib/python3.14/site-packages/starlette/routing.py", line 660, in __call__
    await self.middleware_stack(scope, receive, send)
  File "/Users/joshua/Desktop/bizon/venv/lib/python3.14/site-packages/starlette/routing.py", line 680, in app
    await route.handle(scope, receive, send)
  File "/Users/joshua/Desktop/bizon/venv/lib/python3.14/site-packages/starlette/routing.py", line 276, in handle
    await self.app(scope, receive, send)
  File "/Users/joshua/Desktop/bizon/venv/lib/python3.14/site-packages/fastapi/routing.py", line 134, in app
    await wrap_app_handling_exceptions(app, request)(scope, receive, send)
  File "/Users/joshua/Desktop/bizon/venv/lib/python3.14/site-packages/starlette/_exception_handler.py", line 53, in wrapped_app
    raise exc
  File "/Users/joshua/Desktop/bizon/venv/lib/python3.14/site-packages/starlette/_exception_handler.py", line 42, in wrapped_app
    await app(scope, receive, sender)
  File "/Users/joshua/Desktop/bizon/venv/lib/python3.14/site-packages/fastapi/routing.py", line 120, in app
    response = await f(request)
               ^^^^^^^^^^^^^^^^
  File "/Users/joshua/Desktop/bizon/venv/lib/python3.14/site-packages/fastapi/routing.py", line 674, in app
    raw_response = await run_endpoint_function(
                   ^^^^^^^^^^^^^^^^^^^^^^^^^^^^
    ...<3 lines>...
    )
    ^
  File "/Users/joshua/Desktop/bizon/venv/lib/python3.14/site-packages/fastapi/routing.py", line 330, in run_endpoint_function
    return await run_in_threadpool(dependant.call, **values)
           ^^^^^^^^^^^^^^^^^^^^^^^^^^^^^^^^^^^^^^^^^^^^^^^^^
  File "/Users/joshua/Desktop/bizon/venv/lib/python3.14/site-packages/starlette/concurrency.py", line 32, in run_in_threadpool
    return await anyio.to_thread.run_sync(func)
           ^^^^^^^^^^^^^^^^^^^^^^^^^^^^^^^^^^^^
  File "/Users/joshua/Desktop/bizon/venv/lib/python3.14/site-packages/anyio/to_thread.py", line 63, in run_sync
    return await get_async_backend().run_sync_in_worker_thread(
           ^^^^^^^^^^^^^^^^^^^^^^^^^^^^^^^^^^^^^^^^^^^^^^^^^^^^
        func, args, abandon_on_cancel=abandon_on_cancel, limiter=limiter
        ^^^^^^^^^^^^^^^^^^^^^^^^^^^^^^^^^^^^^^^^^^^^^^^^^^^^^^^^^^^^^^^^
    )
    ^
  File "/Users/joshua/Desktop/bizon/venv/lib/python3.14/site-packages/anyio/_backends/_asyncio.py", line 2518, in run_sync_in_worker_thread
    return await future
           ^^^^^^^^^^^^
  File "/Users/joshua/Desktop/bizon/venv/lib/python3.14/site-packages/anyio/_backends/_asyncio.py", line 1002, in run
    result = context.run(func, *args)
  File "/Users/joshua/Desktop/bizon/venv/lib/python3.14/site-packages/gradio/routes.py", line 432, in main
    return templates.TemplateResponse(
           ~~~~~~~~~~~~~~~~~~~~~~~~~~^
        template,
        ^^^^^^^^^
    ...<4 lines>...
        },
        ^^
    )
    ^
  File "/Users/joshua/Desktop/bizon/venv/lib/python3.14/site-packages/starlette/templating.py", line 148, in TemplateResponse
    template = self.get_template(name)
  File "/Users/joshua/Desktop/bizon/venv/lib/python3.14/site-packages/starlette/templating.py", line 115, in get_template
    return self.env.get_template(name)
           ~~~~~~~~~~~~~~~~~~~~~^^^^^^
  File "/Users/joshua/Desktop/bizon/venv/lib/python3.14/site-packages/jinja2/environment.py", line 1016, in get_template
    return self._load_template(name, globals)
           ~~~~~~~~~~~~~~~~~~~^^^^^^^^^^^^^^^
  File "/Users/joshua/Desktop/bizon/venv/lib/python3.14/site-packages/jinja2/environment.py", line 964, in _load_template
    template = self.cache.get(cache_key)
  File "/Users/joshua/Desktop/bizon/venv/lib/python3.14/site-packages/jinja2/utils.py", line 477, in get
    return self[key]
           ~~~~^^^^^
  File "/Users/joshua/Desktop/bizon/venv/lib/python3.14/site-packages/jinja2/utils.py", line 515, in __getitem__
    rv = self._mapping[key]
         ~~~~~~~~~~~~~^^^^^
TypeError: cannot use 'tuple' as a dict key (unhashable type: 'dict')
Exception in Tkinter callback
Traceback (most recent call last):
  File "/Library/Frameworks/Python.framework/Versions/3.14/lib/python3.14/tkinter/__init__.py", line 2082, in __call__
    return self.func(*args)
           ~~~~~~~~~^^^^^^^
  File "/Users/joshua/Desktop/bizon/src/ui/launcher_ui.py", line 36, in <lambda>
    self.canvas.bind("<Button-1>", lambda e: self.command() if self.command else None)
                                             ~~~~~~~~~~~~^^
  File "/Users/joshua/Desktop/bizon/main.py", line 51, in on_launch
    launch_terminal_process()
    ~~~~~~~~~~~~~~~~~~~~~~~^^
  File "/Users/joshua/Desktop/bizon/main.py", line 38, in launch_terminal_process
    launch_dashboard(standalone=True)
    ~~~~~~~~~~~~~~~~^^^^^^^^^^^^^^^^^
  File "/Users/joshua/Desktop/bizon/src/ui/dashboard.py", line 154, in launch_dashboard
    _, local_url, _ = demo.launch(
                      ~~~~~~~~~~~^
        share=share,
        ^^^^^^^^^^^^
    ...<2 lines>...
        prevent_thread_lock=True
        ^^^^^^^^^^^^^^^^^^^^^^^^
    )
    ^
  File "/Users/joshua/Desktop/bizon/venv/lib/python3.14/site-packages/gradio/blocks.py", line 2465, in launch
    raise ValueError(
        "When localhost is not accessible, a shareable link must be created. Please set share=True or check your proxy settings to allow access to localhost."
    )
ValueError: When localhost is not accessible, a shareable link must be created. Please set share=True or check your proxy settings to allow access to localhost.
2026-04-14 20:10:53,362 - BizonMain - ERROR - Erreur au démarrage
Traceback (most recent call last):
  File "/Users/joshua/Desktop/bizon/main.py", line 43, in main
    from src.ui.launcher_ui import LauncherUI
  File "/Users/joshua/Desktop/bizon/src/ui/__init__.py", line 1, in <module>
    from .dashboard import launch_dashboard
  File "/Users/joshua/Desktop/bizon/src/ui/dashboard.py", line 1, in <module>
    import gradio as gr
ModuleNotFoundError: No module named 'gradio'
2026-04-14 20:11:21,743 - BizonMain - ERROR - Erreur au démarrage
Traceback (most recent call last):
  File "/Users/joshua/Desktop/bizon/main.py", line 43, in main
    from src.ui.launcher_ui import LauncherUI
  File "/Users/joshua/Desktop/bizon/src/ui/__init__.py", line 1, in <module>
    from .dashboard import launch_dashboard
  File "/Users/joshua/Desktop/bizon/src/ui/dashboard.py", line 1, in <module>
    import gradio as gr
ModuleNotFoundError: No module named 'gradio'
/Users/joshua/Desktop/bizon/venv/lib/python3.9/site-packages/urllib3/__init__.py:35: NotOpenSSLWarning: urllib3 v2 only supports OpenSSL 1.1.1+, currently the 'ssl' module is compiled with 'LibreSSL 2.8.3'. See: https://github.com/urllib3/urllib3/issues/3020
  warnings.warn(
2026-04-14 20:12:37,341 - httpx - INFO - HTTP Request: GET https://api.gradio.app/gradio-messaging/en "HTTP/1.1 200 OK"
2026-04-14 20:12:48,635 - bizon_config - INFO - ⚡ Initialisation du contexte Hardware Bizon...
2026-04-14 20:12:48,635 - hardware_detector - INFO - Starting local hardware detection...
2026-04-14 20:12:48,669 - BizonMain - INFO - Démarrage de l'interface de contrôle...
/Users/joshua/Desktop/bizon/venv/lib/python3.9/site-packages/urllib3/__init__.py:35: NotOpenSSLWarning: urllib3 v2 only supports OpenSSL 1.1.1+, currently the 'ssl' module is compiled with 'LibreSSL 2.8.3'. See: https://github.com/urllib3/urllib3/issues/3020
  warnings.warn(
2026-04-14 20:15:30,924 - httpx - INFO - HTTP Request: GET https://api.gradio.app/gradio-messaging/en "HTTP/1.1 200 OK"
2026-04-14 20:15:42,730 - bizon_config - INFO - ⚡ Initialisation du contexte Hardware Bizon...
2026-04-14 20:15:42,730 - hardware_detector - INFO - Starting local hardware detection...
2026-04-14 20:15:42,745 - BizonMain - ERROR - Erreur au démarrage
Traceback (most recent call last):
  File "/Users/joshua/Desktop/bizon/main.py", line 43, in main
    from src.ui.launcher_ui import LauncherUI
  File "/Users/joshua/Desktop/bizon/src/ui/__init__.py", line 1, in <module>
    from .dashboard import launch_dashboard
  File "/Users/joshua/Desktop/bizon/src/ui/dashboard.py", line 92, in <module>
    import webview
ModuleNotFoundError: No module named 'webview'
/Users/joshua/Desktop/bizon/venv/lib/python3.9/site-packages/urllib3/__init__.py:35: NotOpenSSLWarning: urllib3 v2 only supports OpenSSL 1.1.1+, currently the 'ssl' module is compiled with 'LibreSSL 2.8.3'. See: https://github.com/urllib3/urllib3/issues/3020
  warnings.warn(
2026-04-14 20:20:30,245 - httpx - INFO - HTTP Request: GET https://api.gradio.app/gradio-messaging/en "HTTP/1.1 200 OK"
2026-04-14 20:20:36,865 - bizon_config - INFO - ⚡ Initialisation du contexte Hardware Bizon...
2026-04-14 20:20:36,866 - hardware_detector - INFO - Starting local hardware detection...
2026-04-14 20:20:36,888 - BizonMain - INFO - Démarrage de l'interface de contrôle...
2026-04-14 20:25:00,030 - BizonMain - INFO - Démarrage de l'interface de contrôle...
