2026-04-14 22:14:11,934 - CassandreMain - INFO - [SYSTEM] Démarrage de l'interface de contrôle...
2026-04-14 22:14:12,436 - LauncherUI - INFO - [HARDWARE] Lancement de la détection...
2026-04-14 22:14:12,443 - hardware_detector - INFO - Starting local hardware detection...
2026-04-14 22:14:12,444 - LauncherUI - INFO - [HARDWARE] Détection terminée : Darwin | 10 cores
2026-04-14 22:14:12,444 - LauncherUI - INFO - [UI] Mise à jour du rapport matériel sur l'interface.
2026-04-14 22:14:16,207 - CassandreMain - INFO - [UI] Signal de lancement du terminal reçu depuis LauncherUI.
2026-04-14 22:14:16,207 - CassandreMain - INFO - [PROCESS] Démarrage du Terminal de Trading (processus isolé)...
2026-04-14 22:14:16,224 - CassandreMain - INFO - [SYSTEM] Dashboard en cours — terminal maintenu ouvert (Ctrl+C pour quitter).
2026-04-14 22:17:41,594 - CassandreMain - INFO - [SYSTEM] Démarrage de l'interface de contrôle...
2026-04-14 22:17:41,977 - LauncherUI - INFO - [HARDWARE] Lancement de la détection...
2026-04-14 22:17:41,989 - hardware_detector - INFO - Starting local hardware detection...
2026-04-14 22:17:41,990 - LauncherUI - INFO - [HARDWARE] Détection terminée : Darwin | 10 cores
2026-04-14 22:17:41,990 - LauncherUI - INFO - [UI] Mise à jour du rapport matériel sur l'interface.
2026-04-14 22:17:44,803 - CassandreMain - INFO - [UI] Signal de lancement du terminal reçu depuis LauncherUI.
2026-04-14 22:17:44,803 - CassandreMain - INFO - [PROCESS] Démarrage du Terminal de Trading (processus isolé)...
2026-04-14 22:17:44,823 - CassandreMain - INFO - [SYSTEM] Dashboard en cours — terminal maintenu ouvert (Ctrl+C pour quitter).
2026-04-14 22:20:42,207 - CassandreMain - INFO - [SYSTEM] Démarrage de l'interface de contrôle...
2026-04-14 22:20:42,365 - LauncherUI - INFO - [HARDWARE] Lancement de la détection...
2026-04-14 22:20:42,369 - hardware_detector - INFO - Starting local hardware detection...
2026-04-14 22:20:42,369 - LauncherUI - INFO - [HARDWARE] Détection terminée : Darwin | 10 cores
2026-04-14 22:20:42,369 - LauncherUI - INFO - [UI] Mise à jour du rapport matériel sur l'interface.
2026-04-14 22:20:43,833 - CassandreMain - INFO - [UI] Signal de lancement du terminal reçu depuis LauncherUI.
2026-04-14 22:20:43,833 - CassandreMain - INFO - [PROCESS] Démarrage du Terminal de Trading (processus isolé)...
2026-04-14 22:20:43,844 - CassandreMain - INFO - [SYSTEM] Dashboard en cours — terminal maintenu ouvert (Ctrl+C pour quitter).
2026-04-14 22:22:47,805 - CassandreMain - INFO - [SYSTEM] Démarrage de l'interface de contrôle...
2026-04-14 22:22:47,938 - LauncherUI - INFO - [HARDWARE] Lancement de la détection...
2026-04-14 22:22:47,942 - hardware_detector - INFO - Starting local hardware detection...
2026-04-14 22:22:47,942 - LauncherUI - INFO - [HARDWARE] Détection terminée : Darwin | 10 cores
2026-04-14 22:22:47,942 - LauncherUI - INFO - [UI] Mise à jour du rapport matériel sur l'interface.
2026-04-14 22:22:49,500 - CassandreMain - INFO - [UI] Signal de lancement du terminal reçu depuis LauncherUI.
2026-04-14 22:22:49,500 - CassandreMain - INFO - [PROCESS] Démarrage du Terminal de Trading (processus isolé)...
2026-04-14 22:22:49,509 - CassandreMain - INFO - [SYSTEM] Dashboard en cours — terminal maintenu ouvert (Ctrl+C pour quitter).
2026-04-14 22:24:28,444 - CassandreMain - INFO - [SYSTEM] Démarrage de l'interface de contrôle...
2026-04-14 22:24:28,606 - LauncherUI - INFO - [HARDWARE] Lancement de la détection...
2026-04-14 22:24:28,609 - hardware_detector - INFO - Starting local hardware detection...
2026-04-14 22:24:28,610 - LauncherUI - INFO - [HARDWARE] Détection terminée : Darwin | 10 cores
2026-04-14 22:24:28,610 - LauncherUI - INFO - [UI] Mise à jour du rapport matériel sur l'interface.
2026-04-14 22:24:29,577 - CassandreMain - INFO - [UI] Signal de lancement du terminal reçu depuis LauncherUI.
2026-04-14 22:24:29,580 - CassandreMain - INFO - [PROCESS] Démarrage du Terminal de Trading (processus isolé)...
2026-04-14 22:24:29,592 - CassandreMain - INFO - [SYSTEM] Dashboard en cours — terminal maintenu ouvert (Ctrl+C pour quitter).
2026-04-14 22:25:51,236 - CassandreMain - INFO - [SYSTEM] Démarrage de l'interface de contrôle...
2026-04-14 22:25:51,376 - LauncherUI - INFO - [HARDWARE] Lancement de la détection...
2026-04-14 22:25:51,381 - hardware_detector - INFO - Starting local hardware detection...
2026-04-14 22:25:51,381 - LauncherUI - INFO - [HARDWARE] Détection terminée : Darwin | 10 cores
2026-04-14 22:25:51,381 - LauncherUI - INFO - [UI] Mise à jour du rapport matériel sur l'interface.
2026-04-14 22:25:52,530 - CassandreMain - INFO - [UI] Signal de lancement du terminal reçu depuis LauncherUI.
2026-04-14 22:25:52,530 - CassandreMain - INFO - [PROCESS] Démarrage du Terminal de Trading (processus isolé)...
2026-04-14 22:25:52,541 - CassandreMain - INFO - [SYSTEM] Dashboard en cours — terminal maintenu ouvert (Ctrl+C pour quitter).
2026-04-14 22:26:47,164 - CassandreMain - INFO - [SYSTEM] Démarrage de l'interface de contrôle...
2026-04-14 22:26:47,295 - LauncherUI - INFO - [HARDWARE] Lancement de la détection...
2026-04-14 22:26:47,298 - hardware_detector - INFO - Starting local hardware detection...
2026-04-14 22:26:47,299 - LauncherUI - INFO - [HARDWARE] Détection terminée : Darwin | 10 cores
2026-04-14 22:26:47,299 - LauncherUI - INFO - [UI] Mise à jour du rapport matériel sur l'interface.
2026-04-14 22:26:48,456 - CassandreMain - INFO - [UI] Signal de lancement du terminal reçu depuis LauncherUI.
2026-04-14 22:26:48,456 - CassandreMain - INFO - [PROCESS] Démarrage du Terminal de Trading (processus isolé)...
2026-04-14 22:26:48,469 - CassandreMain - INFO - [SYSTEM] Dashboard en cours — terminal maintenu ouvert (Ctrl+C pour quitter).
2026-04-14 22:30:28,388 - CassandreMain - INFO - [SYSTEM] Démarrage de l'interface de contrôle...
2026-04-14 22:30:28,669 - LauncherUI - INFO - [HARDWARE] Lancement de la détection...
2026-04-14 22:30:28,676 - hardware_detector - INFO - Starting local hardware detection...
2026-04-14 22:30:28,676 - LauncherUI - INFO - [HARDWARE] Détection terminée : Darwin | 10 cores
2026-04-14 22:30:28,676 - LauncherUI - INFO - [UI] Mise à jour du rapport matériel sur l'interface.
2026-04-14 22:30:29,933 - CassandreMain - INFO - [UI] Signal de lancement du terminal reçu depuis LauncherUI.
2026-04-14 22:30:29,933 - CassandreMain - INFO - [PROCESS] Démarrage du Terminal de Trading (processus isolé)...
2026-04-14 22:30:29,957 - CassandreMain - INFO - [SYSTEM] Dashboard en cours — terminal maintenu ouvert (Ctrl+C pour quitter).
2026-04-14 22:30:32,248 - CassandreMain - INFO - [SYSTEM] Dashboard fermé.
2026-04-14 22:30:41,886 - CassandreMain - INFO - [SYSTEM] Dashboard fermé.
2026-04-14 23:21:41,819 - CassandreMain - INFO - [SYSTEM] Démarrage de l'interface de contrôle...
2026-04-14 23:21:42,048 - LauncherUI - INFO - [HARDWARE] Lancement de la détection...
2026-04-14 23:21:42,051 - hardware_detector - INFO - Starting local hardware detection...
2026-04-14 23:21:42,052 - LauncherUI - INFO - [HARDWARE] Détection terminée : Darwin | 10 cores
2026-04-14 23:21:42,052 - LauncherUI - INFO - [UI] Mise à jour du rapport matériel sur l'interface.
2026-04-14 23:21:54,632 - CassandreMain - INFO - [UI] Signal de lancement du terminal reçu depuis LauncherUI.
2026-04-14 23:21:54,633 - CassandreMain - INFO - [PROCESS] Démarrage du Terminal de Trading (processus isolé)...
2026-04-14 23:21:54,659 - CassandreMain - INFO - [SYSTEM] Dashboard en cours — terminal maintenu ouvert (Ctrl+C pour quitter).
2026-04-14 23:25:59,300 - CassandreMain - INFO - [SYSTEM] Dashboard fermé.
2026-04-15 00:06:58,869 - CassandreMain - INFO - [SYSTEM] Démarrage de l'interface de contrôle...
2026-04-15 00:06:59,347 - LauncherUI - INFO - [HARDWARE] Lancement de la détection...
2026-04-15 00:06:59,356 - hardware_detector - INFO - Starting local hardware detection...
2026-04-15 00:06:59,357 - LauncherUI - INFO - [HARDWARE] Détection terminée : Darwin | 10 cores
2026-04-15 00:06:59,357 - LauncherUI - INFO - [UI] Mise à jour du rapport matériel sur l'interface.
2026-04-15 00:07:08,273 - CassandreMain - INFO - [UI] Signal de lancement du terminal reçu depuis LauncherUI.
2026-04-15 00:07:08,273 - CassandreMain - INFO - [PROCESS] Démarrage du Terminal de Trading (processus isolé)...
2026-04-15 00:07:08,300 - CassandreMain - INFO - [SYSTEM] Dashboard en cours — terminal maintenu ouvert (Ctrl+C pour quitter).
2026-04-15 00:08:27,095 - CassandreMain - INFO - [SYSTEM] Dashboard fermé.
2026-04-15 10:35:35,090 - CassandreMain - INFO - [SYSTEM] Démarrage de l'interface de contrôle...
2026-04-15 10:35:35,328 - LauncherUI - INFO - [HARDWARE] Lancement de la détection...
2026-04-15 10:35:35,332 - hardware_detector - INFO - Starting local hardware detection...
2026-04-15 10:35:35,333 - LauncherUI - INFO - [HARDWARE] Détection terminée : Darwin | 10 cores
2026-04-15 10:35:35,333 - LauncherUI - INFO - [UI] Mise à jour du rapport matériel sur l'interface.
2026-04-15 10:35:40,361 - CassandreMain - INFO - [UI] Signal de lancement du terminal reçu depuis LauncherUI.
2026-04-15 10:35:40,361 - CassandreMain - INFO - [PROCESS] Démarrage du Terminal de Trading (processus isolé)...
2026-04-15 10:35:40,373 - CassandreMain - INFO - [SYSTEM] Dashboard en cours — terminal maintenu ouvert (Ctrl+C pour quitter).
2026-04-15 10:38:22,713 - CassandreMain - INFO - [SYSTEM] Dashboard fermé.
2026-04-20 11:19:18,088 - CassandreMain - INFO - [SYSTEM] Démarrage de l'interface de contrôle...
2026-04-20 11:19:18,393 - LauncherUI - INFO - [HARDWARE] Lancement de la détection...
2026-04-20 11:19:18,398 - hardware_detector - INFO - Starting local hardware detection...
2026-04-20 11:19:18,398 - LauncherUI - INFO - [HARDWARE] Détection terminée : Darwin | 10 cores
2026-04-20 11:19:18,398 - LauncherUI - INFO - [UI] Mise à jour du rapport matériel sur l'interface.
2026-04-20 11:19:21,313 - CassandreMain - INFO - [UI] Signal de lancement du terminal reçu depuis LauncherUI.
2026-04-20 11:19:21,314 - CassandreMain - INFO - [PROCESS] Démarrage du Terminal de Trading (processus isolé)...
2026-04-20 11:19:21,330 - CassandreMain - INFO - [SYSTEM] Dashboard en cours — terminal maintenu ouvert (Ctrl+C pour quitter).
2026-04-20 11:19:23,505 - CassandreMain - INFO - [SYSTEM] Dashboard fermé.
2026-04-20 11:37:36,773 - CassandreMain - INFO - [SYSTEM] Démarrage de l'interface de contrôle...
2026-04-20 11:37:37,061 - LauncherUI - INFO - [HARDWARE] Lancement de la détection...
2026-04-20 11:37:37,064 - hardware_detector - INFO - Starting local hardware detection...
2026-04-20 11:37:37,065 - LauncherUI - INFO - [HARDWARE] Détection terminée : Darwin | 10 cores
2026-04-20 11:37:37,065 - LauncherUI - INFO - [UI] Mise à jour du rapport matériel sur l'interface.
2026-04-20 11:37:38,501 - CassandreMain - INFO - [UI] Signal de lancement du terminal reçu depuis LauncherUI.
2026-04-20 11:37:38,501 - CassandreMain - INFO - [PROCESS] Démarrage du Terminal de Trading (processus isolé)...
2026-04-20 11:37:38,518 - CassandreMain - INFO - [SYSTEM] Dashboard en cours — terminal maintenu ouvert (Ctrl+C pour quitter).
2026-04-20 11:43:08,061 - CassandreMain - INFO - [SYSTEM] Démarrage de l'interface de contrôle...
2026-04-20 11:43:08,251 - LauncherUI - INFO - [HARDWARE] Lancement de la détection...
2026-04-20 11:43:08,255 - hardware_detector - INFO - Starting local hardware detection...
2026-04-20 11:43:08,255 - LauncherUI - INFO - [HARDWARE] Détection terminée : Darwin | 10 cores
2026-04-20 11:43:08,255 - LauncherUI - INFO - [UI] Mise à jour du rapport matériel sur l'interface.
2026-04-20 11:43:10,465 - CassandreMain - INFO - [UI] Signal de lancement du terminal reçu depuis LauncherUI.
2026-04-20 11:43:10,467 - CassandreMain - INFO - [PROCESS] Démarrage du Terminal de Trading (processus isolé)...
2026-04-20 11:43:10,489 - CassandreMain - INFO - [PROCESS] Processus Dashboard initialisé. Fermeture Launcher...
2026-04-20 11:43:10,595 - CassandreMain - INFO - [SYSTEM] Dashboard en cours — terminal maintenu ouvert (Ctrl+C pour quitter).
2026-04-20 11:45:14,990 - CassandreMain - INFO - [SYSTEM] Démarrage de l'interface de contrôle...
2026-04-20 11:45:15,167 - LauncherUI - INFO - [HARDWARE] Lancement de la détection...
2026-04-20 11:45:15,171 - hardware_detector - INFO - Starting local hardware detection...
2026-04-20 11:45:15,171 - LauncherUI - INFO - [HARDWARE] Détection terminée : Darwin | 10 cores
2026-04-20 11:45:15,171 - LauncherUI - INFO - [UI] Mise à jour du rapport matériel sur l'interface.
2026-04-20 11:45:15,947 - CassandreMain - INFO - [UI] Signal de lancement du terminal reçu depuis LauncherUI.
2026-04-20 11:45:15,947 - CassandreMain - INFO - [PROCESS] Démarrage du Terminal de Trading (processus isolé)...
2026-04-20 11:45:15,959 - CassandreMain - INFO - [PROCESS] Processus Dashboard initialisé. Fermeture Launcher...
2026-04-20 11:45:16,063 - CassandreMain - INFO - [SYSTEM] Dashboard en cours — terminal maintenu ouvert (Ctrl+C pour quitter).
2026-04-20 11:47:38,273 - CassandreMain - INFO - [SYSTEM] Démarrage de l'interface de contrôle...
2026-04-20 11:47:38,435 - LauncherUI - INFO - [HARDWARE] Lancement de la détection...
2026-04-20 11:47:38,439 - hardware_detector - INFO - Starting local hardware detection...
2026-04-20 11:47:38,439 - LauncherUI - INFO - [HARDWARE] Détection terminée : Darwin | 10 cores
2026-04-20 11:47:38,439 - LauncherUI - INFO - [UI] Mise à jour du rapport matériel sur l'interface.
2026-04-20 11:47:39,196 - CassandreMain - INFO - [UI] Signal de lancement du terminal reçu depuis LauncherUI.
2026-04-20 11:47:39,197 - CassandreMain - INFO - [PROCESS] Démarrage du Terminal de Trading (processus isolé)...
2026-04-20 11:47:39,204 - CassandreMain - INFO - [PROCESS] Processus Dashboard initialisé. Fermeture Launcher...
2026-04-20 11:47:39,313 - CassandreMain - INFO - [SYSTEM] Dashboard en cours — terminal maintenu ouvert (Ctrl+C pour quitter).
2026-04-20 12:19:56,908 - CassandreMain - INFO - [SYSTEM] Démarrage de l'interface de contrôle...
2026-04-20 12:19:57,157 - LauncherUI - INFO - [HARDWARE] Lancement de la détection...
2026-04-20 12:19:57,164 - hardware_detector - INFO - Starting local hardware detection...
2026-04-20 12:19:57,165 - LauncherUI - INFO - [HARDWARE] Détection terminée : Darwin | 10 cores
2026-04-20 12:19:57,165 - LauncherUI - INFO - [UI] Mise à jour du rapport matériel sur l'interface.
2026-04-20 12:19:58,048 - CassandreMain - INFO - [UI] Signal de lancement du terminal reçu depuis LauncherUI.
2026-04-20 12:19:58,049 - CassandreMain - INFO - [PROCESS] Démarrage du Terminal de Trading (processus isolé)...
2026-04-20 12:19:58,057 - CassandreMain - INFO - [PROCESS] Processus Dashboard initialisé. Fermeture Launcher...
2026-04-20 12:19:58,168 - CassandreMain - INFO - [SYSTEM] Dashboard en cours — terminal maintenu ouvert (Ctrl+C pour quitter).
2026-04-20 12:23:11,903 - CassandreMain - INFO - [SYSTEM] Démarrage de l'interface de contrôle...
2026-04-20 12:23:12,117 - LauncherUI - INFO - [HARDWARE] Lancement de la détection...
2026-04-20 12:23:12,121 - hardware_detector - INFO - Starting local hardware detection...
2026-04-20 12:23:12,121 - LauncherUI - INFO - [HARDWARE] Détection terminée : Darwin | 10 cores
2026-04-20 12:23:12,121 - LauncherUI - INFO - [UI] Mise à jour du rapport matériel sur l'interface.
2026-04-20 12:23:13,334 - CassandreMain - INFO - [UI] Signal de lancement du terminal reçu depuis LauncherUI.
2026-04-20 12:23:13,334 - CassandreMain - INFO - [PROCESS] Démarrage du Terminal de Trading (processus isolé)...
2026-04-20 12:23:13,340 - CassandreMain - INFO - [PROCESS] Processus Dashboard initialisé. Fermeture Launcher...
2026-04-20 12:23:13,443 - CassandreMain - INFO - [SYSTEM] Dashboard en cours — terminal maintenu ouvert (Ctrl+C pour quitter).
2026-04-20 12:26:19,808 - CassandreMain - INFO - [SYSTEM] Démarrage de l'interface de contrôle...
2026-04-20 12:26:20,018 - LauncherUI - INFO - [HARDWARE] Lancement de la détection...
2026-04-20 12:26:20,022 - hardware_detector - INFO - Starting local hardware detection...
2026-04-20 12:26:20,022 - LauncherUI - INFO - [HARDWARE] Détection terminée : Darwin | 10 cores
2026-04-20 12:26:20,022 - LauncherUI - INFO - [UI] Mise à jour du rapport matériel sur l'interface.
2026-04-20 12:26:21,882 - CassandreMain - INFO - [UI] Signal de lancement du terminal reçu depuis LauncherUI.
2026-04-20 12:26:21,884 - CassandreMain - INFO - [PROCESS] Démarrage du Terminal de Trading (processus isolé)...
2026-04-20 12:26:21,903 - CassandreMain - INFO - [PROCESS] Processus Dashboard initialisé. Fermeture Launcher...
2026-04-20 12:26:22,013 - CassandreMain - INFO - [SYSTEM] Dashboard en cours — terminal maintenu ouvert (Ctrl+C pour quitter).
2026-04-20 12:28:13,375 - CassandreMain - INFO - [SYSTEM] Démarrage de l'interface de contrôle...
2026-04-20 12:28:13,555 - LauncherUI - INFO - [HARDWARE] Lancement de la détection...
2026-04-20 12:28:13,560 - hardware_detector - INFO - Starting local hardware detection...
2026-04-20 12:28:13,560 - LauncherUI - INFO - [HARDWARE] Détection terminée : Darwin | 10 cores
2026-04-20 12:28:13,560 - LauncherUI - INFO - [UI] Mise à jour du rapport matériel sur l'interface.
2026-04-20 12:28:14,963 - CassandreMain - INFO - [UI] Signal de lancement du terminal reçu depuis LauncherUI.
2026-04-20 12:28:14,963 - CassandreMain - INFO - [PROCESS] Démarrage du Terminal de Trading (processus isolé)...
2026-04-20 12:28:14,971 - CassandreMain - INFO - [PROCESS] Processus Dashboard initialisé. Fermeture Launcher...
2026-04-20 12:28:15,080 - CassandreMain - INFO - [SYSTEM] Dashboard en cours — terminal maintenu ouvert (Ctrl+C pour quitter).
2026-04-20 12:30:24,117 - CassandreMain - INFO - [SYSTEM] Démarrage de l'interface de contrôle...
2026-04-20 12:30:24,310 - LauncherUI - INFO - [HARDWARE] Lancement de la détection...
2026-04-20 12:30:24,314 - hardware_detector - INFO - Starting local hardware detection...
2026-04-20 12:30:24,314 - LauncherUI - INFO - [HARDWARE] Détection terminée : Darwin | 10 cores
2026-04-20 12:30:24,314 - LauncherUI - INFO - [UI] Mise à jour du rapport matériel sur l'interface.
2026-04-20 12:30:30,597 - CassandreMain - INFO - [UI] Signal de lancement du terminal reçu depuis LauncherUI.
2026-04-20 12:30:30,598 - CassandreMain - INFO - [PROCESS] Démarrage du Terminal de Trading (processus isolé)...
2026-04-20 12:30:30,603 - CassandreMain - INFO - [PROCESS] Processus Dashboard initialisé. Fermeture Launcher...
2026-04-20 12:30:30,710 - CassandreMain - INFO - [SYSTEM] Dashboard en cours — terminal maintenu ouvert (Ctrl+C pour quitter).
2026-04-20 15:37:26,993 - CassandreMain - INFO - [SYSTEM] Dashboard fermé.
